This file contains any messages produced by compilers while
running configure, to aid debugging if configure makes a mistake.

It was created by GConf Editor configure 2.32.0, which was
generated by GNU Autoconf 2.69.  Invocation command line was

  $ ../configure --prefix=/MSYS2/mingw64 --build=x86_64-w64-mingw32 --host=x86_64-w64-mingw32 --target=x86_64-w64-mingw32 --enable-unicode --enable-unversioned-links --disable-multilib --sysconfdir=/MSYS2/mingw64/etc --sbindir=/MSYS2/mingw64/bin --bindir=/MSYS2/mingw64/bin --datadir=/MSYS2/mingw64/share --with-ssl -with-net-snmp --disable-usr-local --with-snmp-include=/MSYS2/mingw64/include/net-snmp --with-wxshared --with-snmp-lib=/MSYS2/mingw64/lib --with-wx-version=3.0 --disable-scrollkeeper --with-tcl=/mingw64/lib/tcl8.6 --with-tk=/mingw64/lib/tk8.6 --with-docbook-xsl-root=/MSYS2/mingw64/share/xml/docbook/xsl-stylesheets-1.79.2 --with-lz4=/MSYS2/mingw64 --with-sqlite=/MSYS2/mingw64 --with-editor=vim.exe --disable-static --enable-shared --with-platform=win32 --with-gtk=2.0 --enable-introspection=no --with-gnutls --with-openssl --with-sasl --enable-file-locking=no --enable-dot-locking=yes --enable-largefile --enable-nntp --without-weather --disable-gnome-keyring --disable-canberra --disable-nm --disable-audio-inline --disable-weather --disable-pst-import

## --------- ##
## Platform. ##
## --------- ##

hostname = ithaca20
uname -m = x86_64
uname -r = 2.11.2(0.329/5/3)
uname -s = MSYS_NT-10.0
uname -v = 2018-11-26 09:22

/usr/bin/uname -p = unknown
/bin/uname -X     = unknown

/bin/arch              = x86_64
/usr/bin/arch -k       = unknown
/usr/convex/getsysinfo = unknown
/usr/bin/hostinfo      = unknown
/bin/machine           = unknown
/usr/bin/oslevel       = unknown
/bin/universe          = unknown

PATH: /d/B
PATH: /d/B/bin
PATH: /d/USR/NodeJS
PATH: /d/USR/Kotlin-Java/bin
PATH: /d/USR/Kotlin-Native/bin
PATH: /MSYS2/mingw64/bin
PATH: /MSYS2/mingw64/libexec
PATH: /MSYS2/mingw64/x86_64-w64-mingw32/bin
PATH: /MSYS2/mingw64/bin/EnergyPlus
PATH: /usr/bin
PATH: /c/Program Files (x86)/Common Files/Oracle/Java/javapath
PATH: /c/Windows/system32
PATH: /c/Windows
PATH: /c/Windows/System32/Wbem
PATH: /c/Windows/System32/WindowsPowerShell/v1.0
PATH: /c/Windows/System32/OpenSSH
PATH: /c/Program Files (x86)/NVIDIA Corporation/PhysX/Common
PATH: /c/Program Files/NVIDIA Corporation/NVIDIA NvDLISR
PATH: /c/Program Files/dotnet
PATH: /c/Program Files/Microsoft SQL Server/130/Tools/Binn
PATH: /d/L
PATH: /c/Program Files (x86)/dotnet
PATH: /c/Program Files (x86)/Microsoft VS Code/bin
PATH: /c/Program Files (x86)/Intel/MPI-RT/4.0.0.012/ia32/bin
PATH: /c/Program Files (x86)/Common Files/Autodesk Shared
PATH: /c/Users/bdeck/AppData/Local/activestate/cache/bin
PATH: /c/Users/bdeck/AppData/Local/ActiveState/StateTool/release/bin
PATH: /c/Users/bdeck/AppData/Local/Microsoft/WindowsApps
PATH: /c/Users/bdeck/.dotnet/tools


## ----------- ##
## Core tests. ##
## ----------- ##

configure:2242: loading site script /MSYS2/mingw64/etc/config.site
| # This file is in public domain.
| # Original author: Karlson2k (Evgeny Grin)
| # Written for MSys2/MinGW64 to help running 'configure' scripts
| 
| # Defaults for MinGW64-targeted programs
| 
| # Set proper selfname on bash and fallback to default name on other shells
| test -n "${BASH_SOURCE}" 2>/dev/null && config_site_me="${BASH_SOURCE[0]##*/}" || config_site_me=config.site
| 
| # Set default 'host' to speedup configure
| if test -z "$build_alias"; then
|   build_alias="${MSYSTEM_CHOST-x86_64-w64-mingw32}" && \
|     $as_echo "$config_site_me:${as_lineno-$LINENO}: default build_alias set to $build_alias" >&5 
| fi
| 
| # Set default 'prefix' to "/mingw64"
| if ( test -z "$prefix" || test "x$prefix" = "xNONE" ) && \
|    ( test -z "$exec_prefix" || test "x$exec_prefix" = "xNONE" ); then
|   prefix="${MSYSTEM_PREFIX-/mingw64}" && \
|     $as_echo "$config_site_me:${as_lineno-$LINENO}: default prefix set to $prefix" >&5
| fi
configure:2385: checking for a BSD-compatible install
configure:2453: result: /usr/bin/install -c
configure:2464: checking whether build environment is sane
configure:2519: result: yes
configure:2665: checking for a thread-safe mkdir -p
configure:2704: result: /usr/bin/mkdir -p
configure:2711: checking for gawk
configure:2727: found /usr/bin/gawk
configure:2738: result: gawk
configure:2749: checking whether make sets $(MAKE)
configure:2771: result: yes
configure:2800: checking whether make supports nested variables
configure:2817: result: yes
configure:2947: checking whether NLS is requested
configure:2956: result: yes
configure:2974: checking for intltool >= 0.35.0
configure:2976: result: 0.51.0 found
configure:2984: checking for intltool-update
configure:3002: found /usr/bin/intltool-update
configure:3014: result: /usr/bin/intltool-update
configure:3024: checking for intltool-merge
configure:3042: found /usr/bin/intltool-merge
configure:3054: result: /usr/bin/intltool-merge
configure:3064: checking for intltool-extract
configure:3082: found /usr/bin/intltool-extract
configure:3094: result: /usr/bin/intltool-extract
configure:3248: checking for xgettext
configure:3266: found /MSYS2/mingw64/bin/xgettext
configure:3278: result: /MSYS2/mingw64/bin/xgettext
configure:3288: checking for msgmerge
configure:3306: found /MSYS2/mingw64/bin/msgmerge
configure:3318: result: /MSYS2/mingw64/bin/msgmerge
configure:3328: checking for msgfmt
configure:3346: found /MSYS2/mingw64/bin/msgfmt
configure:3358: result: /MSYS2/mingw64/bin/msgfmt
configure:3368: checking for gmsgfmt
configure:3399: result: /MSYS2/mingw64/bin/msgfmt
configure:3419: checking for perl
configure:3437: found /usr/bin/perl
configure:3449: result: /usr/bin/perl
configure:3460: checking for perl >= 5.8.1
configure:3467: result: 5.28.0
configure:3471: checking for XML::Parser
configure:3474: result: ok
configure:3496: checking for x86_64-w64-mingw32-gcc
configure:3523: result: gcc
configure:3792: checking for C compiler version
configure:3801: gcc --version >&5
gcc.exe (Rev2, Built by MSYS2 project) 8.3.0
Copyright (C) 2018 Free Software Foundation, Inc.
This is free software; see the source for copying conditions.  There is NO
warranty; not even for MERCHANTABILITY or FITNESS FOR A PARTICULAR PURPOSE.

configure:3812: $? = 0
configure:3801: gcc -v >&5
Using built-in specs.
COLLECT_GCC=D:\MSYS2\mingw64\bin\gcc.exe
COLLECT_LTO_WRAPPER=D:/MSYS2/mingw64/bin/../lib/gcc/x86_64-w64-mingw32/8.3.0/lto-wrapper.exe
Target: x86_64-w64-mingw32
Configured with: ../gcc-8.3.0/configure --prefix=/mingw64 --with-local-prefix=/mingw64/local --build=x86_64-w64-mingw32 --host=x86_64-w64-mingw32 --target=x86_64-w64-mingw32 --with-native-system-header-dir=/mingw64/x86_64-w64-mingw32/include --libexecdir=/mingw64/lib --enable-bootstrap --with-arch=x86-64 --with-tune=generic --enable-languages=ada,c,lto,c++,objc,obj-c++,fortran --enable-shared --enable-static --enable-libatomic --enable-threads=posix --enable-graphite --enable-fully-dynamic-string --enable-libstdcxx-filesystem-ts=yes --enable-libstdcxx-time=yes --disable-libstdcxx-pch --disable-libstdcxx-debug --disable-isl-version-check --enable-lto --enable-libgomp --disable-multilib --enable-checking=release --disable-rpath --disable-win32-registry --disable-nls --disable-werror --disable-symvers --with-libiconv --with-system-zlib --with-gmp=/mingw64 --with-mpfr=/mingw64 --with-mpc=/mingw64 --with-isl=/mingw64 --with-pkgversion='Rev2, Built by MSYS2 project' --with-bugurl=https://sourceforge.net/projects/msys2 --with-gnu-as --with-gnu-ld
Thread model: posix
gcc version 8.3.0 (Rev2, Built by MSYS2 project) 
configure:3812: $? = 0
configure:3801: gcc -V >&5
gcc.exe: error: unrecognized command line option '-V'
gcc.exe: fatal error: no input files
compilation terminated.
configure:3812: $? = 1
configure:3801: gcc -qversion >&5
gcc.exe: error: unrecognized command line option '-qversion'; did you mean '--version'?
gcc.exe: fatal error: no input files
compilation terminated.
configure:3812: $? = 1
configure:3832: checking whether the C compiler works
configure:3854: gcc -D__USE_MINGW_ANSI_STDIO=1 -D_POSIX_C_SOURCE -Wno-deprecated -Wno-deprecated-declarations -DGLIB_DISABLE_DEPRECATION_WARNINGS -O2 -pipe -mtune=generic -fomit-frame-pointer -DWIN32 -DWIN64 -D_WIN32_WINNT=0x0501 -DWINVER=0x0501 -D__USE_MINGW_ANSI_STDIO=1 -D_POSIX_C_SOURCE -Wno-deprecated -Wno-deprecated-declarations -DGLIB_DISABLE_DEPRECATION_WARNINGS -O2 -pipe -fomit-frame-pointer -mtune=generic -DWIN32 -DWIN64 -D_WIN32_WINNT=0x0501 -DWINVER=0x0501  conftest.c -lz -lws2_32 -lregex -lversion >&5
configure:3858: $? = 0
configure:3906: result: yes
configure:3909: checking for C compiler default output file name
configure:3911: result: a.exe
configure:3917: checking for suffix of executables
configure:3924: gcc -o conftest.exe -D__USE_MINGW_ANSI_STDIO=1 -D_POSIX_C_SOURCE -Wno-deprecated -Wno-deprecated-declarations -DGLIB_DISABLE_DEPRECATION_WARNINGS -O2 -pipe -mtune=generic -fomit-frame-pointer -DWIN32 -DWIN64 -D_WIN32_WINNT=0x0501 -DWINVER=0x0501 -D__USE_MINGW_ANSI_STDIO=1 -D_POSIX_C_SOURCE -Wno-deprecated -Wno-deprecated-declarations -DGLIB_DISABLE_DEPRECATION_WARNINGS -O2 -pipe -fomit-frame-pointer -mtune=generic -DWIN32 -DWIN64 -D_WIN32_WINNT=0x0501 -DWINVER=0x0501  conftest.c -lz -lws2_32 -lregex -lversion >&5
configure:3928: $? = 0
configure:3950: result: .exe
configure:3972: checking whether we are cross compiling
configure:3980: gcc -o conftest.exe -D__USE_MINGW_ANSI_STDIO=1 -D_POSIX_C_SOURCE -Wno-deprecated -Wno-deprecated-declarations -DGLIB_DISABLE_DEPRECATION_WARNINGS -O2 -pipe -mtune=generic -fomit-frame-pointer -DWIN32 -DWIN64 -D_WIN32_WINNT=0x0501 -DWINVER=0x0501 -D__USE_MINGW_ANSI_STDIO=1 -D_POSIX_C_SOURCE -Wno-deprecated -Wno-deprecated-declarations -DGLIB_DISABLE_DEPRECATION_WARNINGS -O2 -pipe -fomit-frame-pointer -mtune=generic -DWIN32 -DWIN64 -D_WIN32_WINNT=0x0501 -DWINVER=0x0501  conftest.c -lz -lws2_32 -lregex -lversion >&5
configure:3984: $? = 0
configure:3991: ./conftest.exe
configure:3995: $? = 0
configure:4010: result: no
configure:4015: checking for suffix of object files
configure:4037: gcc -c -D__USE_MINGW_ANSI_STDIO=1 -D_POSIX_C_SOURCE -Wno-deprecated -Wno-deprecated-declarations -DGLIB_DISABLE_DEPRECATION_WARNINGS -O2 -pipe -mtune=generic -fomit-frame-pointer -DWIN32 -DWIN64 -D_WIN32_WINNT=0x0501 -DWINVER=0x0501 -D__USE_MINGW_ANSI_STDIO=1 -D_POSIX_C_SOURCE -Wno-deprecated -Wno-deprecated-declarations -DGLIB_DISABLE_DEPRECATION_WARNINGS -O2 -pipe -fomit-frame-pointer -mtune=generic -DWIN32 -DWIN64 -D_WIN32_WINNT=0x0501 -DWINVER=0x0501 conftest.c >&5
configure:4041: $? = 0
configure:4062: result: o
configure:4066: checking whether we are using the GNU C compiler
configure:4085: gcc -c -D__USE_MINGW_ANSI_STDIO=1 -D_POSIX_C_SOURCE -Wno-deprecated -Wno-deprecated-declarations -DGLIB_DISABLE_DEPRECATION_WARNINGS -O2 -pipe -mtune=generic -fomit-frame-pointer -DWIN32 -DWIN64 -D_WIN32_WINNT=0x0501 -DWINVER=0x0501 -D__USE_MINGW_ANSI_STDIO=1 -D_POSIX_C_SOURCE -Wno-deprecated -Wno-deprecated-declarations -DGLIB_DISABLE_DEPRECATION_WARNINGS -O2 -pipe -fomit-frame-pointer -mtune=generic -DWIN32 -DWIN64 -D_WIN32_WINNT=0x0501 -DWINVER=0x0501 conftest.c >&5
configure:4085: $? = 0
configure:4094: result: yes
configure:4103: checking whether gcc accepts -g
configure:4123: gcc -c -g -D__USE_MINGW_ANSI_STDIO=1 -D_POSIX_C_SOURCE -Wno-deprecated -Wno-deprecated-declarations -DGLIB_DISABLE_DEPRECATION_WARNINGS -O2 -pipe -fomit-frame-pointer -mtune=generic -DWIN32 -DWIN64 -D_WIN32_WINNT=0x0501 -DWINVER=0x0501 conftest.c >&5
configure:4123: $? = 0
configure:4164: result: yes
configure:4181: checking for gcc option to accept ISO C89
configure:4244: gcc  -c -D__USE_MINGW_ANSI_STDIO=1 -D_POSIX_C_SOURCE -Wno-deprecated -Wno-deprecated-declarations -DGLIB_DISABLE_DEPRECATION_WARNINGS -O2 -pipe -mtune=generic -fomit-frame-pointer -DWIN32 -DWIN64 -D_WIN32_WINNT=0x0501 -DWINVER=0x0501 -D__USE_MINGW_ANSI_STDIO=1 -D_POSIX_C_SOURCE -Wno-deprecated -Wno-deprecated-declarations -DGLIB_DISABLE_DEPRECATION_WARNINGS -O2 -pipe -fomit-frame-pointer -mtune=generic -DWIN32 -DWIN64 -D_WIN32_WINNT=0x0501 -DWINVER=0x0501 conftest.c >&5
configure:4244: $? = 0
configure:4257: result: none needed
configure:4282: checking whether gcc understands -c and -o together
configure:4304: gcc -c conftest.c -o conftest2.o
configure:4307: $? = 0
configure:4304: gcc -c conftest.c -o conftest2.o
configure:4307: $? = 0
configure:4319: result: yes
configure:4339: checking whether make supports the include directive
configure:4354: make -f confmf.GNU && cat confinc.out
this is the am__doit target
configure:4357: $? = 0
configure:4376: result: yes (GNU style)
configure:4401: checking dependency style of gcc
configure:4512: result: gcc3
configure:4533: checking how to run the C preprocessor
configure:4564: gcc -E -D__USE_MINGW_ANSI_STDIO=1 -D_POSIX_C_SOURCE -Wno-deprecated -Wno-deprecated-declarations -DGLIB_DISABLE_DEPRECATION_WARNINGS -O2 -pipe -fomit-frame-pointer -mtune=generic -DWIN32 -DWIN64 -D_WIN32_WINNT=0x0501 -DWINVER=0x0501 conftest.c
configure:4564: $? = 0
configure:4578: gcc -E -D__USE_MINGW_ANSI_STDIO=1 -D_POSIX_C_SOURCE -Wno-deprecated -Wno-deprecated-declarations -DGLIB_DISABLE_DEPRECATION_WARNINGS -O2 -pipe -fomit-frame-pointer -mtune=generic -DWIN32 -DWIN64 -D_WIN32_WINNT=0x0501 -DWINVER=0x0501 conftest.c
conftest.c:11:10: fatal error: ac_nonexistent.h: No such file or directory
 #include <ac_nonexistent.h>
          ^~~~~~~~~~~~~~~~~~
compilation terminated.
configure:4578: $? = 1
configure: failed program was:
| /* confdefs.h */
| #define PACKAGE_NAME "GConf Editor"
| #define PACKAGE_TARNAME "gconf-editor"
| #define PACKAGE_VERSION "2.32.0"
| #define PACKAGE_STRING "GConf Editor 2.32.0"
| #define PACKAGE_BUGREPORT "http://bugzilla.gnome.org/enter_bug.cgi?product=gconf-editor"
| #define PACKAGE_URL ""
| #define PACKAGE "gconf-editor"
| #define VERSION "2.32.0"
| /* end confdefs.h.  */
| #include <ac_nonexistent.h>
configure:4603: result: gcc -E
configure:4623: gcc -E -D__USE_MINGW_ANSI_STDIO=1 -D_POSIX_C_SOURCE -Wno-deprecated -Wno-deprecated-declarations -DGLIB_DISABLE_DEPRECATION_WARNINGS -O2 -pipe -fomit-frame-pointer -mtune=generic -DWIN32 -DWIN64 -D_WIN32_WINNT=0x0501 -DWINVER=0x0501 conftest.c
configure:4623: $? = 0
configure:4637: gcc -E -D__USE_MINGW_ANSI_STDIO=1 -D_POSIX_C_SOURCE -Wno-deprecated -Wno-deprecated-declarations -DGLIB_DISABLE_DEPRECATION_WARNINGS -O2 -pipe -fomit-frame-pointer -mtune=generic -DWIN32 -DWIN64 -D_WIN32_WINNT=0x0501 -DWINVER=0x0501 conftest.c
conftest.c:11:10: fatal error: ac_nonexistent.h: No such file or directory
 #include <ac_nonexistent.h>
          ^~~~~~~~~~~~~~~~~~
compilation terminated.
configure:4637: $? = 1
configure: failed program was:
| /* confdefs.h */
| #define PACKAGE_NAME "GConf Editor"
| #define PACKAGE_TARNAME "gconf-editor"
| #define PACKAGE_VERSION "2.32.0"
| #define PACKAGE_STRING "GConf Editor 2.32.0"
| #define PACKAGE_BUGREPORT "http://bugzilla.gnome.org/enter_bug.cgi?product=gconf-editor"
| #define PACKAGE_URL ""
| #define PACKAGE "gconf-editor"
| #define VERSION "2.32.0"
| /* end confdefs.h.  */
| #include <ac_nonexistent.h>
configure:4666: checking for grep that handles long lines and -e
configure:4724: result: /usr/bin/grep
configure:4729: checking for egrep
configure:4791: result: /usr/bin/grep -E
configure:4796: checking for ANSI C header files
configure:4816: gcc -c -D__USE_MINGW_ANSI_STDIO=1 -D_POSIX_C_SOURCE -Wno-deprecated -Wno-deprecated-declarations -DGLIB_DISABLE_DEPRECATION_WARNINGS -O2 -pipe -mtune=generic -fomit-frame-pointer -DWIN32 -DWIN64 -D_WIN32_WINNT=0x0501 -DWINVER=0x0501 -D__USE_MINGW_ANSI_STDIO=1 -D_POSIX_C_SOURCE -Wno-deprecated -Wno-deprecated-declarations -DGLIB_DISABLE_DEPRECATION_WARNINGS -O2 -pipe -fomit-frame-pointer -mtune=generic -DWIN32 -DWIN64 -D_WIN32_WINNT=0x0501 -DWINVER=0x0501 conftest.c >&5
configure:4816: $? = 0
configure:4889: gcc -o conftest.exe -D__USE_MINGW_ANSI_STDIO=1 -D_POSIX_C_SOURCE -Wno-deprecated -Wno-deprecated-declarations -DGLIB_DISABLE_DEPRECATION_WARNINGS -O2 -pipe -mtune=generic -fomit-frame-pointer -DWIN32 -DWIN64 -D_WIN32_WINNT=0x0501 -DWINVER=0x0501 -D__USE_MINGW_ANSI_STDIO=1 -D_POSIX_C_SOURCE -Wno-deprecated -Wno-deprecated-declarations -DGLIB_DISABLE_DEPRECATION_WARNINGS -O2 -pipe -fomit-frame-pointer -mtune=generic -DWIN32 -DWIN64 -D_WIN32_WINNT=0x0501 -DWINVER=0x0501  conftest.c -lz -lws2_32 -lregex -lversion >&5
configure:4889: $? = 0
configure:4889: ./conftest.exe
configure:4889: $? = 0
configure:4900: result: yes
configure:4937: checking build system type
configure:4951: result: x86_64-w64-mingw32
configure:4971: checking host system type
configure:4984: result: x86_64-w64-mingw32
configure:5025: checking how to print strings
configure:5052: result: printf
configure:5073: checking for a sed that does not truncate output
configure:5137: result: /usr/bin/sed
configure:5155: checking for fgrep
configure:5217: result: /usr/bin/grep -F
configure:5252: checking for ld used by gcc
configure:5319: result: D:/MSYS2/mingw64/x86_64-w64-mingw32/bin/ld.exe
configure:5326: checking if the linker (D:/MSYS2/mingw64/x86_64-w64-mingw32/bin/ld.exe) is GNU ld
configure:5341: result: yes
configure:5353: checking for BSD- or MS-compatible name lister (nm)
configure:5407: result: /MSYS2/mingw64/bin/nm -B
configure:5537: checking the name lister (/MSYS2/mingw64/bin/nm -B) interface
configure:5544: gcc -c -D__USE_MINGW_ANSI_STDIO=1 -D_POSIX_C_SOURCE -Wno-deprecated -Wno-deprecated-declarations -DGLIB_DISABLE_DEPRECATION_WARNINGS -O2 -pipe -mtune=generic -fomit-frame-pointer -DWIN32 -DWIN64 -D_WIN32_WINNT=0x0501 -DWINVER=0x0501 -D__USE_MINGW_ANSI_STDIO=1 -D_POSIX_C_SOURCE -Wno-deprecated -Wno-deprecated-declarations -DGLIB_DISABLE_DEPRECATION_WARNINGS -O2 -pipe -fomit-frame-pointer -mtune=generic -DWIN32 -DWIN64 -D_WIN32_WINNT=0x0501 -DWINVER=0x0501 conftest.c >&5
configure:5547: /MSYS2/mingw64/bin/nm -B "conftest.o"
configure:5550: output
0000000000000000 b .bss
0000000000000000 d .data
0000000000000000 r .rdata$zzz
0000000000000000 t .text
0000000000000000 B some_variable
configure:5557: result: BSD nm
configure:5560: checking whether ln -s works
configure:5567: result: no, using cp -pR
configure:5572: checking the maximum length of command line arguments
configure:5703: result: 8192
configure:5751: checking how to convert x86_64-w64-mingw32 file names to x86_64-w64-mingw32 format
configure:5791: result: func_convert_file_msys_to_w32
configure:5798: checking how to convert x86_64-w64-mingw32 file names to toolchain format
configure:5818: result: func_convert_file_msys_to_w32
configure:5825: checking for D:/MSYS2/mingw64/x86_64-w64-mingw32/bin/ld.exe option to reload object files
configure:5832: result: -r
configure:5866: checking for x86_64-w64-mingw32-objdump
configure:5896: result: no
configure:5906: checking for objdump
configure:5922: found /MSYS2/mingw64/bin/objdump
configure:5933: result: objdump
configure:5965: checking how to recognize dependent libraries
configure:6165: result: file_magic ^x86 archive import|^x86 DLL
configure:6210: checking for x86_64-w64-mingw32-dlltool
configure:6240: result: no
configure:6250: checking for dlltool
configure:6266: found /MSYS2/mingw64/bin/dlltool
configure:6277: result: dlltool
configure:6310: checking how to associate runtime and link libraries
configure:6337: result: func_cygming_dll_for_implib
configure:6353: checking for x86_64-w64-mingw32-ar
configure:6383: result: no
configure:6397: checking for ar
configure:6413: found /MSYS2/mingw64/bin/ar
configure:6424: result: ar
configure:6461: checking for archiver @FILE support
configure:6478: gcc -c -D__USE_MINGW_ANSI_STDIO=1 -D_POSIX_C_SOURCE -Wno-deprecated -Wno-deprecated-declarations -DGLIB_DISABLE_DEPRECATION_WARNINGS -O2 -pipe -mtune=generic -fomit-frame-pointer -DWIN32 -DWIN64 -D_WIN32_WINNT=0x0501 -DWINVER=0x0501 -D__USE_MINGW_ANSI_STDIO=1 -D_POSIX_C_SOURCE -Wno-deprecated -Wno-deprecated-declarations -DGLIB_DISABLE_DEPRECATION_WARNINGS -O2 -pipe -fomit-frame-pointer -mtune=generic -DWIN32 -DWIN64 -D_WIN32_WINNT=0x0501 -DWINVER=0x0501 conftest.c >&5
configure:6478: $? = 0
configure:6481: ar cru libconftest.a @conftest.lst >&5
configure:6484: $? = 0
configure:6489: ar cru libconftest.a @conftest.lst >&5
D:\MSYS2\mingw64\bin\ar.exe: conftest.o: No such file or directory
configure:6492: $? = 1
configure:6504: result: @
configure:6522: checking for x86_64-w64-mingw32-strip
configure:6552: result: no
configure:6562: checking for strip
configure:6578: found /MSYS2/mingw64/bin/strip
configure:6589: result: strip
configure:6621: checking for x86_64-w64-mingw32-ranlib
configure:6651: result: no
configure:6661: checking for ranlib
configure:6677: found /MSYS2/mingw64/bin/ranlib
configure:6688: result: ranlib
configure:6790: checking command to parse /MSYS2/mingw64/bin/nm -B output from gcc object
configure:6943: gcc -c -D__USE_MINGW_ANSI_STDIO=1 -D_POSIX_C_SOURCE -Wno-deprecated -Wno-deprecated-declarations -DGLIB_DISABLE_DEPRECATION_WARNINGS -O2 -pipe -mtune=generic -fomit-frame-pointer -DWIN32 -DWIN64 -D_WIN32_WINNT=0x0501 -DWINVER=0x0501 -D__USE_MINGW_ANSI_STDIO=1 -D_POSIX_C_SOURCE -Wno-deprecated -Wno-deprecated-declarations -DGLIB_DISABLE_DEPRECATION_WARNINGS -O2 -pipe -fomit-frame-pointer -mtune=generic -DWIN32 -DWIN64 -D_WIN32_WINNT=0x0501 -DWINVER=0x0501 conftest.c >&5
configure:6946: $? = 0
configure:6950: /MSYS2/mingw64/bin/nm -B conftest.o \| sed -n -e 's/^.*[ ]\([ABCDGIRSTW][ABCDGIRSTW]*\)[ ][ ]*\([_A-Za-z][_A-Za-z0-9]*\)\{0,1\}$/\1 \2 \2/p' | sed '/ __gnu_lto/d' \> conftest.nm
configure:6953: $? = 0
configure:7019: gcc -o conftest.exe -D__USE_MINGW_ANSI_STDIO=1 -D_POSIX_C_SOURCE -Wno-deprecated -Wno-deprecated-declarations -DGLIB_DISABLE_DEPRECATION_WARNINGS -O2 -pipe -mtune=generic -fomit-frame-pointer -DWIN32 -DWIN64 -D_WIN32_WINNT=0x0501 -DWINVER=0x0501 -D__USE_MINGW_ANSI_STDIO=1 -D_POSIX_C_SOURCE -Wno-deprecated -Wno-deprecated-declarations -DGLIB_DISABLE_DEPRECATION_WARNINGS -O2 -pipe -fomit-frame-pointer -mtune=generic -DWIN32 -DWIN64 -D_WIN32_WINNT=0x0501 -DWINVER=0x0501  conftest.c conftstm.o >&5
configure:7022: $? = 0
configure:7060: result: ok
configure:7107: checking for sysroot
configure:7137: result: no
configure:7144: checking for a working dd
configure:7182: result: /usr/bin/dd
configure:7186: checking how to truncate binary pipes
configure:7201: result: /usr/bin/dd bs=4096 count=1
configure:7490: checking for x86_64-w64-mingw32-mt
configure:7520: result: no
configure:7530: checking for mt
configure:7560: result: no
configure:7580: checking if : is a manifest tool
configure:7586: : '-?'
configure:7594: result: no
configure:8271: checking for sys/types.h
configure:8271: gcc -c -D__USE_MINGW_ANSI_STDIO=1 -D_POSIX_C_SOURCE -Wno-deprecated -Wno-deprecated-declarations -DGLIB_DISABLE_DEPRECATION_WARNINGS -O2 -pipe -mtune=generic -fomit-frame-pointer -DWIN32 -DWIN64 -D_WIN32_WINNT=0x0501 -DWINVER=0x0501 -D__USE_MINGW_ANSI_STDIO=1 -D_POSIX_C_SOURCE -Wno-deprecated -Wno-deprecated-declarations -DGLIB_DISABLE_DEPRECATION_WARNINGS -O2 -pipe -fomit-frame-pointer -mtune=generic -DWIN32 -DWIN64 -D_WIN32_WINNT=0x0501 -DWINVER=0x0501 conftest.c >&5
configure:8271: $? = 0
configure:8271: result: yes
configure:8271: checking for sys/stat.h
configure:8271: gcc -c -D__USE_MINGW_ANSI_STDIO=1 -D_POSIX_C_SOURCE -Wno-deprecated -Wno-deprecated-declarations -DGLIB_DISABLE_DEPRECATION_WARNINGS -O2 -pipe -mtune=generic -fomit-frame-pointer -DWIN32 -DWIN64 -D_WIN32_WINNT=0x0501 -DWINVER=0x0501 -D__USE_MINGW_ANSI_STDIO=1 -D_POSIX_C_SOURCE -Wno-deprecated -Wno-deprecated-declarations -DGLIB_DISABLE_DEPRECATION_WARNINGS -O2 -pipe -fomit-frame-pointer -mtune=generic -DWIN32 -DWIN64 -D_WIN32_WINNT=0x0501 -DWINVER=0x0501 conftest.c >&5
configure:8271: $? = 0
configure:8271: result: yes
configure:8271: checking for stdlib.h
configure:8271: gcc -c -D__USE_MINGW_ANSI_STDIO=1 -D_POSIX_C_SOURCE -Wno-deprecated -Wno-deprecated-declarations -DGLIB_DISABLE_DEPRECATION_WARNINGS -O2 -pipe -mtune=generic -fomit-frame-pointer -DWIN32 -DWIN64 -D_WIN32_WINNT=0x0501 -DWINVER=0x0501 -D__USE_MINGW_ANSI_STDIO=1 -D_POSIX_C_SOURCE -Wno-deprecated -Wno-deprecated-declarations -DGLIB_DISABLE_DEPRECATION_WARNINGS -O2 -pipe -fomit-frame-pointer -mtune=generic -DWIN32 -DWIN64 -D_WIN32_WINNT=0x0501 -DWINVER=0x0501 conftest.c >&5
configure:8271: $? = 0
configure:8271: result: yes
configure:8271: checking for string.h
configure:8271: gcc -c -D__USE_MINGW_ANSI_STDIO=1 -D_POSIX_C_SOURCE -Wno-deprecated -Wno-deprecated-declarations -DGLIB_DISABLE_DEPRECATION_WARNINGS -O2 -pipe -mtune=generic -fomit-frame-pointer -DWIN32 -DWIN64 -D_WIN32_WINNT=0x0501 -DWINVER=0x0501 -D__USE_MINGW_ANSI_STDIO=1 -D_POSIX_C_SOURCE -Wno-deprecated -Wno-deprecated-declarations -DGLIB_DISABLE_DEPRECATION_WARNINGS -O2 -pipe -fomit-frame-pointer -mtune=generic -DWIN32 -DWIN64 -D_WIN32_WINNT=0x0501 -DWINVER=0x0501 conftest.c >&5
configure:8271: $? = 0
configure:8271: result: yes
configure:8271: checking for memory.h
configure:8271: gcc -c -D__USE_MINGW_ANSI_STDIO=1 -D_POSIX_C_SOURCE -Wno-deprecated -Wno-deprecated-declarations -DGLIB_DISABLE_DEPRECATION_WARNINGS -O2 -pipe -mtune=generic -fomit-frame-pointer -DWIN32 -DWIN64 -D_WIN32_WINNT=0x0501 -DWINVER=0x0501 -D__USE_MINGW_ANSI_STDIO=1 -D_POSIX_C_SOURCE -Wno-deprecated -Wno-deprecated-declarations -DGLIB_DISABLE_DEPRECATION_WARNINGS -O2 -pipe -fomit-frame-pointer -mtune=generic -DWIN32 -DWIN64 -D_WIN32_WINNT=0x0501 -DWINVER=0x0501 conftest.c >&5
configure:8271: $? = 0
configure:8271: result: yes
configure:8271: checking for strings.h
configure:8271: gcc -c -D__USE_MINGW_ANSI_STDIO=1 -D_POSIX_C_SOURCE -Wno-deprecated -Wno-deprecated-declarations -DGLIB_DISABLE_DEPRECATION_WARNINGS -O2 -pipe -mtune=generic -fomit-frame-pointer -DWIN32 -DWIN64 -D_WIN32_WINNT=0x0501 -DWINVER=0x0501 -D__USE_MINGW_ANSI_STDIO=1 -D_POSIX_C_SOURCE -Wno-deprecated -Wno-deprecated-declarations -DGLIB_DISABLE_DEPRECATION_WARNINGS -O2 -pipe -fomit-frame-pointer -mtune=generic -DWIN32 -DWIN64 -D_WIN32_WINNT=0x0501 -DWINVER=0x0501 conftest.c >&5
configure:8271: $? = 0
configure:8271: result: yes
configure:8271: checking for inttypes.h
configure:8271: gcc -c -D__USE_MINGW_ANSI_STDIO=1 -D_POSIX_C_SOURCE -Wno-deprecated -Wno-deprecated-declarations -DGLIB_DISABLE_DEPRECATION_WARNINGS -O2 -pipe -mtune=generic -fomit-frame-pointer -DWIN32 -DWIN64 -D_WIN32_WINNT=0x0501 -DWINVER=0x0501 -D__USE_MINGW_ANSI_STDIO=1 -D_POSIX_C_SOURCE -Wno-deprecated -Wno-deprecated-declarations -DGLIB_DISABLE_DEPRECATION_WARNINGS -O2 -pipe -fomit-frame-pointer -mtune=generic -DWIN32 -DWIN64 -D_WIN32_WINNT=0x0501 -DWINVER=0x0501 conftest.c >&5
configure:8271: $? = 0
configure:8271: result: yes
configure:8271: checking for stdint.h
configure:8271: gcc -c -D__USE_MINGW_ANSI_STDIO=1 -D_POSIX_C_SOURCE -Wno-deprecated -Wno-deprecated-declarations -DGLIB_DISABLE_DEPRECATION_WARNINGS -O2 -pipe -mtune=generic -fomit-frame-pointer -DWIN32 -DWIN64 -D_WIN32_WINNT=0x0501 -DWINVER=0x0501 -D__USE_MINGW_ANSI_STDIO=1 -D_POSIX_C_SOURCE -Wno-deprecated -Wno-deprecated-declarations -DGLIB_DISABLE_DEPRECATION_WARNINGS -O2 -pipe -fomit-frame-pointer -mtune=generic -DWIN32 -DWIN64 -D_WIN32_WINNT=0x0501 -DWINVER=0x0501 conftest.c >&5
configure:8271: $? = 0
configure:8271: result: yes
configure:8271: checking for unistd.h
configure:8271: gcc -c -D__USE_MINGW_ANSI_STDIO=1 -D_POSIX_C_SOURCE -Wno-deprecated -Wno-deprecated-declarations -DGLIB_DISABLE_DEPRECATION_WARNINGS -O2 -pipe -mtune=generic -fomit-frame-pointer -DWIN32 -DWIN64 -D_WIN32_WINNT=0x0501 -DWINVER=0x0501 -D__USE_MINGW_ANSI_STDIO=1 -D_POSIX_C_SOURCE -Wno-deprecated -Wno-deprecated-declarations -DGLIB_DISABLE_DEPRECATION_WARNINGS -O2 -pipe -fomit-frame-pointer -mtune=generic -DWIN32 -DWIN64 -D_WIN32_WINNT=0x0501 -DWINVER=0x0501 conftest.c >&5
configure:8271: $? = 0
configure:8271: result: yes
configure:8285: checking for dlfcn.h
configure:8285: gcc -c -D__USE_MINGW_ANSI_STDIO=1 -D_POSIX_C_SOURCE -Wno-deprecated -Wno-deprecated-declarations -DGLIB_DISABLE_DEPRECATION_WARNINGS -O2 -pipe -mtune=generic -fomit-frame-pointer -DWIN32 -DWIN64 -D_WIN32_WINNT=0x0501 -DWINVER=0x0501 -D__USE_MINGW_ANSI_STDIO=1 -D_POSIX_C_SOURCE -Wno-deprecated -Wno-deprecated-declarations -DGLIB_DISABLE_DEPRECATION_WARNINGS -O2 -pipe -fomit-frame-pointer -mtune=generic -DWIN32 -DWIN64 -D_WIN32_WINNT=0x0501 -DWINVER=0x0501 conftest.c >&5
configure:8285: $? = 0
configure:8285: result: yes
configure:8546: checking for objdir
configure:8561: result: .libs
configure:8825: checking if gcc supports -fno-rtti -fno-exceptions
configure:8843: gcc -c -D__USE_MINGW_ANSI_STDIO=1 -D_POSIX_C_SOURCE -Wno-deprecated -Wno-deprecated-declarations -DGLIB_DISABLE_DEPRECATION_WARNINGS -O2 -pipe -mtune=generic -fomit-frame-pointer -DWIN32 -DWIN64 -D_WIN32_WINNT=0x0501 -DWINVER=0x0501 -D__USE_MINGW_ANSI_STDIO=1 -D_POSIX_C_SOURCE -Wno-deprecated -Wno-deprecated-declarations -DGLIB_DISABLE_DEPRECATION_WARNINGS -O2 -pipe -fomit-frame-pointer -mtune=generic -DWIN32 -DWIN64 -D_WIN32_WINNT=0x0501 -DWINVER=0x0501 -fno-rtti -fno-exceptions conftest.c >&5
cc1.exe: warning: command line option '-fno-rtti' is valid for C++/ObjC++ but not for C
configure:8847: $? = 0
configure:8860: result: no
configure:9218: checking for gcc option to produce PIC
configure:9225: result: -DDLL_EXPORT -DPIC
configure:9233: checking if gcc PIC flag -DDLL_EXPORT -DPIC works
configure:9251: gcc -c -D__USE_MINGW_ANSI_STDIO=1 -D_POSIX_C_SOURCE -Wno-deprecated -Wno-deprecated-declarations -DGLIB_DISABLE_DEPRECATION_WARNINGS -O2 -pipe -mtune=generic -fomit-frame-pointer -DWIN32 -DWIN64 -D_WIN32_WINNT=0x0501 -DWINVER=0x0501 -D__USE_MINGW_ANSI_STDIO=1 -D_POSIX_C_SOURCE -Wno-deprecated -Wno-deprecated-declarations -DGLIB_DISABLE_DEPRECATION_WARNINGS -O2 -pipe -fomit-frame-pointer -mtune=generic -DWIN32 -DWIN64 -D_WIN32_WINNT=0x0501 -DWINVER=0x0501 -DDLL_EXPORT -DPIC -DPIC conftest.c >&5
configure:9255: $? = 0
configure:9268: result: yes
configure:9297: checking if gcc static flag -static works
configure:9325: result: yes
configure:9340: checking if gcc supports -c -o file.o
configure:9361: gcc -c -D__USE_MINGW_ANSI_STDIO=1 -D_POSIX_C_SOURCE -Wno-deprecated -Wno-deprecated-declarations -DGLIB_DISABLE_DEPRECATION_WARNINGS -O2 -pipe -mtune=generic -fomit-frame-pointer -DWIN32 -DWIN64 -D_WIN32_WINNT=0x0501 -DWINVER=0x0501 -D__USE_MINGW_ANSI_STDIO=1 -D_POSIX_C_SOURCE -Wno-deprecated -Wno-deprecated-declarations -DGLIB_DISABLE_DEPRECATION_WARNINGS -O2 -pipe -fomit-frame-pointer -mtune=generic -DWIN32 -DWIN64 -D_WIN32_WINNT=0x0501 -DWINVER=0x0501 -o out/conftest2.o conftest.c >&5
configure:9365: $? = 0
configure:9387: result: yes
configure:9395: checking if gcc supports -c -o file.o
configure:9442: result: yes
configure:9475: checking whether the gcc linker (D:/MSYS2/mingw64/x86_64-w64-mingw32/bin/ld.exe) supports shared libraries
configure:10735: result: yes
configure:10772: checking whether -lc should be explicitly linked in
configure:10780: gcc -c -D__USE_MINGW_ANSI_STDIO=1 -D_POSIX_C_SOURCE -Wno-deprecated -Wno-deprecated-declarations -DGLIB_DISABLE_DEPRECATION_WARNINGS -O2 -pipe -mtune=generic -fomit-frame-pointer -DWIN32 -DWIN64 -D_WIN32_WINNT=0x0501 -DWINVER=0x0501 -D__USE_MINGW_ANSI_STDIO=1 -D_POSIX_C_SOURCE -Wno-deprecated -Wno-deprecated-declarations -DGLIB_DISABLE_DEPRECATION_WARNINGS -O2 -pipe -fomit-frame-pointer -mtune=generic -DWIN32 -DWIN64 -D_WIN32_WINNT=0x0501 -DWINVER=0x0501 conftest.c >&5
configure:10783: $? = 0
configure:10798: gcc -shared conftest.o  -v -o ./conftest -Wl,--enable-auto-image-base -Xlinker --out-implib -Xlinker conftest 2\>\&1 \| /usr/bin/grep  -lc  \>/dev/null 2\>\&1
configure:10801: $? = 1
configure:10815: result: yes
configure:10975: checking dynamic linker characteristics
configure:11793: result: Win32 ld.exe
configure:11915: checking how to hardcode library paths into programs
configure:11940: result: immediate
configure:12488: checking whether stripping libraries is possible
configure:12493: result: yes
configure:12528: checking if libtool supports shared libraries
configure:12530: result: yes
configure:12533: checking whether to build shared libraries
configure:12558: result: yes
configure:12561: checking whether to build static libraries
configure:12565: result: no
configure:12604: checking for gconftool-2
configure:12622: found /MSYS2/mingw64/bin/gconftool-2
configure:12634: result: /MSYS2/mingw64/bin/gconftool-2
configure:12657: result: Using config source xml:merged:D:/MSYS2/mingw64/etc/gconf/gconf.xml.defaults for schema installation
configure:12672: result: Using $(sysconfdir)/gconf/schemas as install directory for schema files
configure:12803: checking pkg-config is at least version 0.9.0
configure:12806: result: yes
configure:12822: checking gnome-doc-utils >= 0.3.2
configure:12825: $PKG_CONFIG --exists --print-errors "gnome-doc-utils >= $gdu_cv_version_required"
configure:12828: $? = 0
configure:12836: result: yes
configure:12916: checking which gtk+ version to compile against
configure:12929: result: 2.0
configure:12943: checking for GCONF_EDITOR
configure:12952: $PKG_CONFIG --exists --print-errors "gconf-2.0 >= 2.9.2
		  gtk+-$GTK_API_VERSION >= $GTK_REQUIRED
		  dbus-glib-1"
configure:12957: $? = 0
configure:12975: $PKG_CONFIG --exists --print-errors "gconf-2.0 >= 2.9.2
		  gtk+-$GTK_API_VERSION >= $GTK_REQUIRED
		  dbus-glib-1"
configure:12980: $? = 0
configure:13046: result: yes
configure:13053: checking for glib-genmarshal
configure:13071: found /MSYS2/mingw64/bin/glib-genmarshal
configure:13083: result: /MSYS2/mingw64/bin/glib-genmarshal
configure:13103: checking locale.h usability
configure:13103: gcc -c -D__USE_MINGW_ANSI_STDIO=1 -D_POSIX_C_SOURCE -Wno-deprecated -Wno-deprecated-declarations -DGLIB_DISABLE_DEPRECATION_WARNINGS -O2 -pipe -mtune=generic -fomit-frame-pointer -DWIN32 -DWIN64 -D_WIN32_WINNT=0x0501 -DWINVER=0x0501 -Wall -D__USE_MINGW_ANSI_STDIO=1 -D_POSIX_C_SOURCE -Wno-deprecated -Wno-deprecated-declarations -DGLIB_DISABLE_DEPRECATION_WARNINGS -O2 -pipe -fomit-frame-pointer -mtune=generic -DWIN32 -DWIN64 -D_WIN32_WINNT=0x0501 -DWINVER=0x0501 conftest.c >&5
configure:13103: $? = 0
configure:13103: result: yes
configure:13103: checking locale.h presence
configure:13103: gcc -E -D__USE_MINGW_ANSI_STDIO=1 -D_POSIX_C_SOURCE -Wno-deprecated -Wno-deprecated-declarations -DGLIB_DISABLE_DEPRECATION_WARNINGS -O2 -pipe -fomit-frame-pointer -mtune=generic -DWIN32 -DWIN64 -D_WIN32_WINNT=0x0501 -DWINVER=0x0501 conftest.c
configure:13103: $? = 0
configure:13103: result: yes
configure:13103: checking for locale.h
configure:13103: result: yes
configure:13114: checking for LC_MESSAGES
configure:13130: gcc -o conftest.exe -D__USE_MINGW_ANSI_STDIO=1 -D_POSIX_C_SOURCE -Wno-deprecated -Wno-deprecated-declarations -DGLIB_DISABLE_DEPRECATION_WARNINGS -O2 -pipe -mtune=generic -fomit-frame-pointer -DWIN32 -DWIN64 -D_WIN32_WINNT=0x0501 -DWINVER=0x0501 -Wall -D__USE_MINGW_ANSI_STDIO=1 -D_POSIX_C_SOURCE -Wno-deprecated -Wno-deprecated-declarations -DGLIB_DISABLE_DEPRECATION_WARNINGS -O2 -pipe -fomit-frame-pointer -mtune=generic -DWIN32 -DWIN64 -D_WIN32_WINNT=0x0501 -DWINVER=0x0501  conftest.c -lz -lws2_32 -lregex -lversion >&5
conftest.c: In function 'main':
conftest.c:29:8: error: 'LC_MESSAGES' undeclared (first use in this function)
 return LC_MESSAGES
        ^~~~~~~~~~~
conftest.c:29:8: note: each undeclared identifier is reported only once for each function it appears in
configure:13130: $? = 1
configure: failed program was:
| /* confdefs.h */
| #define PACKAGE_NAME "GConf Editor"
| #define PACKAGE_TARNAME "gconf-editor"
| #define PACKAGE_VERSION "2.32.0"
| #define PACKAGE_STRING "GConf Editor 2.32.0"
| #define PACKAGE_BUGREPORT "http://bugzilla.gnome.org/enter_bug.cgi?product=gconf-editor"
| #define PACKAGE_URL ""
| #define PACKAGE "gconf-editor"
| #define VERSION "2.32.0"
| #define STDC_HEADERS 1
| #define HAVE_SYS_TYPES_H 1
| #define HAVE_SYS_STAT_H 1
| #define HAVE_STDLIB_H 1
| #define HAVE_STRING_H 1
| #define HAVE_MEMORY_H 1
| #define HAVE_STRINGS_H 1
| #define HAVE_INTTYPES_H 1
| #define HAVE_STDINT_H 1
| #define HAVE_UNISTD_H 1
| #define HAVE_DLFCN_H 1
| #define LT_OBJDIR ".libs/"
| #define GETTEXT_PACKAGE "gconf-editor"
| #define HAVE_LOCALE_H 1
| /* end confdefs.h.  */
| #include <locale.h>
| int
| main ()
| {
| return LC_MESSAGES
|   ;
|   return 0;
| }
configure:13138: result: no
configure:13156: checking for CFPreferencesCopyAppValue
configure:13174: gcc -o conftest.exe -D__USE_MINGW_ANSI_STDIO=1 -D_POSIX_C_SOURCE -Wno-deprecated -Wno-deprecated-declarations -DGLIB_DISABLE_DEPRECATION_WARNINGS -O2 -pipe -mtune=generic -fomit-frame-pointer -DWIN32 -DWIN64 -D_WIN32_WINNT=0x0501 -DWINVER=0x0501 -Wall -D__USE_MINGW_ANSI_STDIO=1 -D_POSIX_C_SOURCE -Wno-deprecated -Wno-deprecated-declarations -DGLIB_DISABLE_DEPRECATION_WARNINGS -O2 -pipe -fomit-frame-pointer -mtune=generic -DWIN32 -DWIN64 -D_WIN32_WINNT=0x0501 -DWINVER=0x0501  conftest.c -lz -lws2_32 -lregex -lversion -Wl,-framework -Wl,CoreFoundation >&5
conftest.c:25:10: fatal error: CoreFoundation/CFPreferences.h: No such file or directory
 #include <CoreFoundation/CFPreferences.h>
          ^~~~~~~~~~~~~~~~~~~~~~~~~~~~~~~~
compilation terminated.
configure:13174: $? = 1
configure: failed program was:
| /* confdefs.h */
| #define PACKAGE_NAME "GConf Editor"
| #define PACKAGE_TARNAME "gconf-editor"
| #define PACKAGE_VERSION "2.32.0"
| #define PACKAGE_STRING "GConf Editor 2.32.0"
| #define PACKAGE_BUGREPORT "http://bugzilla.gnome.org/enter_bug.cgi?product=gconf-editor"
| #define PACKAGE_URL ""
| #define PACKAGE "gconf-editor"
| #define VERSION "2.32.0"
| #define STDC_HEADERS 1
| #define HAVE_SYS_TYPES_H 1
| #define HAVE_SYS_STAT_H 1
| #define HAVE_STDLIB_H 1
| #define HAVE_STRING_H 1
| #define HAVE_MEMORY_H 1
| #define HAVE_STRINGS_H 1
| #define HAVE_INTTYPES_H 1
| #define HAVE_STDINT_H 1
| #define HAVE_UNISTD_H 1
| #define HAVE_DLFCN_H 1
| #define LT_OBJDIR ".libs/"
| #define GETTEXT_PACKAGE "gconf-editor"
| #define HAVE_LOCALE_H 1
| /* end confdefs.h.  */
| #include <CoreFoundation/CFPreferences.h>
| int
| main ()
| {
| CFPreferencesCopyAppValue(NULL, NULL)
|   ;
|   return 0;
| }
configure:13183: result: no
configure:13190: checking for CFLocaleCopyCurrent
configure:13208: gcc -o conftest.exe -D__USE_MINGW_ANSI_STDIO=1 -D_POSIX_C_SOURCE -Wno-deprecated -Wno-deprecated-declarations -DGLIB_DISABLE_DEPRECATION_WARNINGS -O2 -pipe -mtune=generic -fomit-frame-pointer -DWIN32 -DWIN64 -D_WIN32_WINNT=0x0501 -DWINVER=0x0501 -Wall -D__USE_MINGW_ANSI_STDIO=1 -D_POSIX_C_SOURCE -Wno-deprecated -Wno-deprecated-declarations -DGLIB_DISABLE_DEPRECATION_WARNINGS -O2 -pipe -fomit-frame-pointer -mtune=generic -DWIN32 -DWIN64 -D_WIN32_WINNT=0x0501 -DWINVER=0x0501  conftest.c -lz -lws2_32 -lregex -lversion -Wl,-framework -Wl,CoreFoundation >&5
conftest.c:25:10: fatal error: CoreFoundation/CFLocale.h: No such file or directory
 #include <CoreFoundation/CFLocale.h>
          ^~~~~~~~~~~~~~~~~~~~~~~~~~~
compilation terminated.
configure:13208: $? = 1
configure: failed program was:
| /* confdefs.h */
| #define PACKAGE_NAME "GConf Editor"
| #define PACKAGE_TARNAME "gconf-editor"
| #define PACKAGE_VERSION "2.32.0"
| #define PACKAGE_STRING "GConf Editor 2.32.0"
| #define PACKAGE_BUGREPORT "http://bugzilla.gnome.org/enter_bug.cgi?product=gconf-editor"
| #define PACKAGE_URL ""
| #define PACKAGE "gconf-editor"
| #define VERSION "2.32.0"
| #define STDC_HEADERS 1
| #define HAVE_SYS_TYPES_H 1
| #define HAVE_SYS_STAT_H 1
| #define HAVE_STDLIB_H 1
| #define HAVE_STRING_H 1
| #define HAVE_MEMORY_H 1
| #define HAVE_STRINGS_H 1
| #define HAVE_INTTYPES_H 1
| #define HAVE_STDINT_H 1
| #define HAVE_UNISTD_H 1
| #define HAVE_DLFCN_H 1
| #define LT_OBJDIR ".libs/"
| #define GETTEXT_PACKAGE "gconf-editor"
| #define HAVE_LOCALE_H 1
| /* end confdefs.h.  */
| #include <CoreFoundation/CFLocale.h>
| int
| main ()
| {
| CFLocaleCopyCurrent();
|   ;
|   return 0;
| }
configure:13217: result: no
configure:13231: checking libintl.h usability
configure:13231: gcc -c -D__USE_MINGW_ANSI_STDIO=1 -D_POSIX_C_SOURCE -Wno-deprecated -Wno-deprecated-declarations -DGLIB_DISABLE_DEPRECATION_WARNINGS -O2 -pipe -mtune=generic -fomit-frame-pointer -DWIN32 -DWIN64 -D_WIN32_WINNT=0x0501 -DWINVER=0x0501 -Wall -D__USE_MINGW_ANSI_STDIO=1 -D_POSIX_C_SOURCE -Wno-deprecated -Wno-deprecated-declarations -DGLIB_DISABLE_DEPRECATION_WARNINGS -O2 -pipe -fomit-frame-pointer -mtune=generic -DWIN32 -DWIN64 -D_WIN32_WINNT=0x0501 -DWINVER=0x0501 conftest.c >&5
configure:13231: $? = 0
configure:13231: result: yes
configure:13231: checking libintl.h presence
configure:13231: gcc -E -D__USE_MINGW_ANSI_STDIO=1 -D_POSIX_C_SOURCE -Wno-deprecated -Wno-deprecated-declarations -DGLIB_DISABLE_DEPRECATION_WARNINGS -O2 -pipe -fomit-frame-pointer -mtune=generic -DWIN32 -DWIN64 -D_WIN32_WINNT=0x0501 -DWINVER=0x0501 conftest.c
configure:13231: $? = 0
configure:13231: result: yes
configure:13231: checking for libintl.h
configure:13231: result: yes
configure:13239: checking for ngettext in libc
configure:13257: gcc -o conftest.exe -D__USE_MINGW_ANSI_STDIO=1 -D_POSIX_C_SOURCE -Wno-deprecated -Wno-deprecated-declarations -DGLIB_DISABLE_DEPRECATION_WARNINGS -O2 -pipe -mtune=generic -fomit-frame-pointer -DWIN32 -DWIN64 -D_WIN32_WINNT=0x0501 -DWINVER=0x0501 -Wall -D__USE_MINGW_ANSI_STDIO=1 -D_POSIX_C_SOURCE -Wno-deprecated -Wno-deprecated-declarations -DGLIB_DISABLE_DEPRECATION_WARNINGS -O2 -pipe -fomit-frame-pointer -mtune=generic -DWIN32 -DWIN64 -D_WIN32_WINNT=0x0501 -DWINVER=0x0501  conftest.c -lz -lws2_32 -lregex -lversion >&5
D:/MSYS2/mingw64/bin/../lib/gcc/x86_64-w64-mingw32/8.3.0/../../../../x86_64-w64-mingw32/bin/ld.exe: C:\Users\bdeck\AppData\Local\Temp\ccmS1r5R.o:conftest.c:(.text.startup+0x1a): undefined reference to `libintl_ngettext'
collect2.exe: error: ld returned 1 exit status
configure:13257: $? = 1
configure: failed program was:
| /* confdefs.h */
| #define PACKAGE_NAME "GConf Editor"
| #define PACKAGE_TARNAME "gconf-editor"
| #define PACKAGE_VERSION "2.32.0"
| #define PACKAGE_STRING "GConf Editor 2.32.0"
| #define PACKAGE_BUGREPORT "http://bugzilla.gnome.org/enter_bug.cgi?product=gconf-editor"
| #define PACKAGE_URL ""
| #define PACKAGE "gconf-editor"
| #define VERSION "2.32.0"
| #define STDC_HEADERS 1
| #define HAVE_SYS_TYPES_H 1
| #define HAVE_SYS_STAT_H 1
| #define HAVE_STDLIB_H 1
| #define HAVE_STRING_H 1
| #define HAVE_MEMORY_H 1
| #define HAVE_STRINGS_H 1
| #define HAVE_INTTYPES_H 1
| #define HAVE_STDINT_H 1
| #define HAVE_UNISTD_H 1
| #define HAVE_DLFCN_H 1
| #define LT_OBJDIR ".libs/"
| #define GETTEXT_PACKAGE "gconf-editor"
| #define HAVE_LOCALE_H 1
| /* end confdefs.h.  */
| 
| #include <libintl.h>
| 
| int
| main ()
| {
| return !ngettext ("","", 1)
|   ;
|   return 0;
| }
configure:13266: result: no
configure:13322: checking for bindtextdomain in -lintl
configure:13347: gcc -o conftest.exe -D__USE_MINGW_ANSI_STDIO=1 -D_POSIX_C_SOURCE -Wno-deprecated -Wno-deprecated-declarations -DGLIB_DISABLE_DEPRECATION_WARNINGS -O2 -pipe -mtune=generic -fomit-frame-pointer -DWIN32 -DWIN64 -D_WIN32_WINNT=0x0501 -DWINVER=0x0501 -Wall -D__USE_MINGW_ANSI_STDIO=1 -D_POSIX_C_SOURCE -Wno-deprecated -Wno-deprecated-declarations -DGLIB_DISABLE_DEPRECATION_WARNINGS -O2 -pipe -fomit-frame-pointer -mtune=generic -DWIN32 -DWIN64 -D_WIN32_WINNT=0x0501 -DWINVER=0x0501  conftest.c -lintl  -lz -lws2_32 -lregex -lversion >&5
configure:13347: $? = 0
configure:13356: result: yes
configure:13359: checking for ngettext in -lintl
configure:13384: gcc -o conftest.exe -D__USE_MINGW_ANSI_STDIO=1 -D_POSIX_C_SOURCE -Wno-deprecated -Wno-deprecated-declarations -DGLIB_DISABLE_DEPRECATION_WARNINGS -O2 -pipe -mtune=generic -fomit-frame-pointer -DWIN32 -DWIN64 -D_WIN32_WINNT=0x0501 -DWINVER=0x0501 -Wall -D__USE_MINGW_ANSI_STDIO=1 -D_POSIX_C_SOURCE -Wno-deprecated -Wno-deprecated-declarations -DGLIB_DISABLE_DEPRECATION_WARNINGS -O2 -pipe -fomit-frame-pointer -mtune=generic -DWIN32 -DWIN64 -D_WIN32_WINNT=0x0501 -DWINVER=0x0501  conftest.c -lintl  -lz -lws2_32 -lregex -lversion >&5
configure:13384: $? = 0
configure:13393: result: yes
configure:13396: checking for dgettext in -lintl
configure:13421: gcc -o conftest.exe -D__USE_MINGW_ANSI_STDIO=1 -D_POSIX_C_SOURCE -Wno-deprecated -Wno-deprecated-declarations -DGLIB_DISABLE_DEPRECATION_WARNINGS -O2 -pipe -mtune=generic -fomit-frame-pointer -DWIN32 -DWIN64 -D_WIN32_WINNT=0x0501 -DWINVER=0x0501 -Wall -D__USE_MINGW_ANSI_STDIO=1 -D_POSIX_C_SOURCE -Wno-deprecated -Wno-deprecated-declarations -DGLIB_DISABLE_DEPRECATION_WARNINGS -O2 -pipe -fomit-frame-pointer -mtune=generic -DWIN32 -DWIN64 -D_WIN32_WINNT=0x0501 -DWINVER=0x0501  conftest.c -lintl  -lz -lws2_32 -lregex -lversion >&5
conftest.c:32:6: warning: conflicting types for built-in function 'dgettext' [-Wbuiltin-declaration-mismatch]
 char dgettext ();
      ^~~~~~~~
configure:13421: $? = 0
configure:13430: result: yes
configure:13543: checking for bind_textdomain_codeset
configure:13543: gcc -o conftest.exe -D__USE_MINGW_ANSI_STDIO=1 -D_POSIX_C_SOURCE -Wno-deprecated -Wno-deprecated-declarations -DGLIB_DISABLE_DEPRECATION_WARNINGS -O2 -pipe -mtune=generic -fomit-frame-pointer -DWIN32 -DWIN64 -D_WIN32_WINNT=0x0501 -DWINVER=0x0501 -Wall -D__USE_MINGW_ANSI_STDIO=1 -D_POSIX_C_SOURCE -Wno-deprecated -Wno-deprecated-declarations -DGLIB_DISABLE_DEPRECATION_WARNINGS -O2 -pipe -fomit-frame-pointer -mtune=generic -DWIN32 -DWIN64 -D_WIN32_WINNT=0x0501 -DWINVER=0x0501  conftest.c -lz -lws2_32 -lregex -lversion -lintl  >&5
configure:13543: $? = 0
configure:13543: result: yes
configure:13580: checking for msgfmt
configure:13607: result: /MSYS2/mingw64/bin/msgfmt
configure:13618: checking for dcgettext
configure:13618: gcc -o conftest.exe -D__USE_MINGW_ANSI_STDIO=1 -D_POSIX_C_SOURCE -Wno-deprecated -Wno-deprecated-declarations -DGLIB_DISABLE_DEPRECATION_WARNINGS -O2 -pipe -mtune=generic -fomit-frame-pointer -DWIN32 -DWIN64 -D_WIN32_WINNT=0x0501 -DWINVER=0x0501 -Wall -D__USE_MINGW_ANSI_STDIO=1 -D_POSIX_C_SOURCE -Wno-deprecated -Wno-deprecated-declarations -DGLIB_DISABLE_DEPRECATION_WARNINGS -O2 -pipe -fomit-frame-pointer -mtune=generic -DWIN32 -DWIN64 -D_WIN32_WINNT=0x0501 -DWINVER=0x0501  conftest.c -lz -lws2_32 -lregex -lversion -lintl   >&5
conftest.c:50:6: warning: conflicting types for built-in function 'dcgettext' [-Wbuiltin-declaration-mismatch]
 char dcgettext ();
      ^~~~~~~~~
configure:13618: $? = 0
configure:13618: result: yes
configure:13628: checking if msgfmt accepts -c
configure:13643: $MSGFMT -c -o /dev/null conftest.foo
conftest.foo:3: warning: header field 'Language' missing in header
configure:13646: $? = 0
configure:13648: result: yes
configure:13658: checking for gmsgfmt
configure:13689: result: /MSYS2/mingw64/bin/msgfmt
configure:13699: checking for xgettext
configure:13726: result: /MSYS2/mingw64/bin/xgettext
configure:13745: gcc -o conftest.exe -D__USE_MINGW_ANSI_STDIO=1 -D_POSIX_C_SOURCE -Wno-deprecated -Wno-deprecated-declarations -DGLIB_DISABLE_DEPRECATION_WARNINGS -O2 -pipe -mtune=generic -fomit-frame-pointer -DWIN32 -DWIN64 -D_WIN32_WINNT=0x0501 -DWINVER=0x0501 -Wall -D__USE_MINGW_ANSI_STDIO=1 -D_POSIX_C_SOURCE -Wno-deprecated -Wno-deprecated-declarations -DGLIB_DISABLE_DEPRECATION_WARNINGS -O2 -pipe -fomit-frame-pointer -mtune=generic -DWIN32 -DWIN64 -D_WIN32_WINNT=0x0501 -DWINVER=0x0501  conftest.c -lz -lws2_32 -lregex -lversion -lintl   >&5
configure:13745: $? = 0
configure:13886: checking whether to enable maintainer-specific portions of Makefiles
configure:13895: result: no
configure:13980: checking whether gcc understands -Wall
configure:13993: gcc -c -D__USE_MINGW_ANSI_STDIO=1 -D_POSIX_C_SOURCE -Wno-deprecated -Wno-deprecated-declarations -DGLIB_DISABLE_DEPRECATION_WARNINGS -O2 -pipe -mtune=generic -fomit-frame-pointer -DWIN32 -DWIN64 -D_WIN32_WINNT=0x0501 -DWINVER=0x0501 -Wall -Wall -D__USE_MINGW_ANSI_STDIO=1 -D_POSIX_C_SOURCE -Wno-deprecated -Wno-deprecated-declarations -DGLIB_DISABLE_DEPRECATION_WARNINGS -O2 -pipe -fomit-frame-pointer -mtune=generic -DWIN32 -DWIN64 -D_WIN32_WINNT=0x0501 -DWINVER=0x0501 conftest.c >&5
configure:13993: $? = 0
configure:14000: result: yes
configure:13980: checking whether gcc understands -Wstrict-prototypes
configure:13993: gcc -c -D__USE_MINGW_ANSI_STDIO=1 -D_POSIX_C_SOURCE -Wno-deprecated -Wno-deprecated-declarations -DGLIB_DISABLE_DEPRECATION_WARNINGS -O2 -pipe -mtune=generic -fomit-frame-pointer -DWIN32 -DWIN64 -D_WIN32_WINNT=0x0501 -DWINVER=0x0501 -Wall -Wstrict-prototypes -D__USE_MINGW_ANSI_STDIO=1 -D_POSIX_C_SOURCE -Wno-deprecated -Wno-deprecated-declarations -DGLIB_DISABLE_DEPRECATION_WARNINGS -O2 -pipe -fomit-frame-pointer -mtune=generic -DWIN32 -DWIN64 -D_WIN32_WINNT=0x0501 -DWINVER=0x0501 conftest.c >&5
conftest.c:31:1: warning: function declaration isn't a prototype [-Wstrict-prototypes]
 main ()
 ^~~~
configure:13993: $? = 0
configure:14000: result: yes
configure:13980: checking whether gcc understands -Wnested-externs
configure:13993: gcc -c -D__USE_MINGW_ANSI_STDIO=1 -D_POSIX_C_SOURCE -Wno-deprecated -Wno-deprecated-declarations -DGLIB_DISABLE_DEPRECATION_WARNINGS -O2 -pipe -mtune=generic -fomit-frame-pointer -DWIN32 -DWIN64 -D_WIN32_WINNT=0x0501 -DWINVER=0x0501 -Wall -Wnested-externs -D__USE_MINGW_ANSI_STDIO=1 -D_POSIX_C_SOURCE -Wno-deprecated -Wno-deprecated-declarations -DGLIB_DISABLE_DEPRECATION_WARNINGS -O2 -pipe -fomit-frame-pointer -mtune=generic -DWIN32 -DWIN64 -D_WIN32_WINNT=0x0501 -DWINVER=0x0501 conftest.c >&5
configure:13993: $? = 0
configure:14000: result: yes
configure:13980: checking whether gcc understands -Werror=missing-prototypes
configure:13993: gcc -c -D__USE_MINGW_ANSI_STDIO=1 -D_POSIX_C_SOURCE -Wno-deprecated -Wno-deprecated-declarations -DGLIB_DISABLE_DEPRECATION_WARNINGS -O2 -pipe -mtune=generic -fomit-frame-pointer -DWIN32 -DWIN64 -D_WIN32_WINNT=0x0501 -DWINVER=0x0501 -Wall -Werror=missing-prototypes -D__USE_MINGW_ANSI_STDIO=1 -D_POSIX_C_SOURCE -Wno-deprecated -Wno-deprecated-declarations -DGLIB_DISABLE_DEPRECATION_WARNINGS -O2 -pipe -fomit-frame-pointer -mtune=generic -DWIN32 -DWIN64 -D_WIN32_WINNT=0x0501 -DWINVER=0x0501 conftest.c >&5
configure:13993: $? = 0
configure:14000: result: yes
configure:13980: checking whether gcc understands -Werror=implicit-function-declaration
configure:13993: gcc -c -D__USE_MINGW_ANSI_STDIO=1 -D_POSIX_C_SOURCE -Wno-deprecated -Wno-deprecated-declarations -DGLIB_DISABLE_DEPRECATION_WARNINGS -O2 -pipe -mtune=generic -fomit-frame-pointer -DWIN32 -DWIN64 -D_WIN32_WINNT=0x0501 -DWINVER=0x0501 -Wall -Werror=implicit-function-declaration -D__USE_MINGW_ANSI_STDIO=1 -D_POSIX_C_SOURCE -Wno-deprecated -Wno-deprecated-declarations -DGLIB_DISABLE_DEPRECATION_WARNINGS -O2 -pipe -fomit-frame-pointer -mtune=generic -DWIN32 -DWIN64 -D_WIN32_WINNT=0x0501 -DWINVER=0x0501 conftest.c >&5
configure:13993: $? = 0
configure:14000: result: yes
configure:13980: checking whether gcc understands -Werror=pointer-arith
configure:13993: gcc -c -D__USE_MINGW_ANSI_STDIO=1 -D_POSIX_C_SOURCE -Wno-deprecated -Wno-deprecated-declarations -DGLIB_DISABLE_DEPRECATION_WARNINGS -O2 -pipe -mtune=generic -fomit-frame-pointer -DWIN32 -DWIN64 -D_WIN32_WINNT=0x0501 -DWINVER=0x0501 -Wall -Werror=pointer-arith -D__USE_MINGW_ANSI_STDIO=1 -D_POSIX_C_SOURCE -Wno-deprecated -Wno-deprecated-declarations -DGLIB_DISABLE_DEPRECATION_WARNINGS -O2 -pipe -fomit-frame-pointer -mtune=generic -DWIN32 -DWIN64 -D_WIN32_WINNT=0x0501 -DWINVER=0x0501 conftest.c >&5
configure:13993: $? = 0
configure:14000: result: yes
configure:13980: checking whether gcc understands -Werror=init-self
configure:13993: gcc -c -D__USE_MINGW_ANSI_STDIO=1 -D_POSIX_C_SOURCE -Wno-deprecated -Wno-deprecated-declarations -DGLIB_DISABLE_DEPRECATION_WARNINGS -O2 -pipe -mtune=generic -fomit-frame-pointer -DWIN32 -DWIN64 -D_WIN32_WINNT=0x0501 -DWINVER=0x0501 -Wall -Werror=init-self -D__USE_MINGW_ANSI_STDIO=1 -D_POSIX_C_SOURCE -Wno-deprecated -Wno-deprecated-declarations -DGLIB_DISABLE_DEPRECATION_WARNINGS -O2 -pipe -fomit-frame-pointer -mtune=generic -DWIN32 -DWIN64 -D_WIN32_WINNT=0x0501 -DWINVER=0x0501 conftest.c >&5
configure:13993: $? = 0
configure:14000: result: yes
configure:13980: checking whether gcc understands -Werror=format-security
configure:13993: gcc -c -D__USE_MINGW_ANSI_STDIO=1 -D_POSIX_C_SOURCE -Wno-deprecated -Wno-deprecated-declarations -DGLIB_DISABLE_DEPRECATION_WARNINGS -O2 -pipe -mtune=generic -fomit-frame-pointer -DWIN32 -DWIN64 -D_WIN32_WINNT=0x0501 -DWINVER=0x0501 -Wall -Werror=format-security -D__USE_MINGW_ANSI_STDIO=1 -D_POSIX_C_SOURCE -Wno-deprecated -Wno-deprecated-declarations -DGLIB_DISABLE_DEPRECATION_WARNINGS -O2 -pipe -fomit-frame-pointer -mtune=generic -DWIN32 -DWIN64 -D_WIN32_WINNT=0x0501 -DWINVER=0x0501 conftest.c >&5
configure:13993: $? = 0
configure:14000: result: yes
configure:13980: checking whether gcc understands -Werror=format=2
configure:13993: gcc -c -D__USE_MINGW_ANSI_STDIO=1 -D_POSIX_C_SOURCE -Wno-deprecated -Wno-deprecated-declarations -DGLIB_DISABLE_DEPRECATION_WARNINGS -O2 -pipe -mtune=generic -fomit-frame-pointer -DWIN32 -DWIN64 -D_WIN32_WINNT=0x0501 -DWINVER=0x0501 -Wall -Werror=format=2 -D__USE_MINGW_ANSI_STDIO=1 -D_POSIX_C_SOURCE -Wno-deprecated -Wno-deprecated-declarations -DGLIB_DISABLE_DEPRECATION_WARNINGS -O2 -pipe -fomit-frame-pointer -mtune=generic -DWIN32 -DWIN64 -D_WIN32_WINNT=0x0501 -DWINVER=0x0501 conftest.c >&5
configure:13993: $? = 0
configure:14000: result: yes
configure:13980: checking whether gcc understands -Werror=missing-include-dirs
configure:13993: gcc -c -D__USE_MINGW_ANSI_STDIO=1 -D_POSIX_C_SOURCE -Wno-deprecated -Wno-deprecated-declarations -DGLIB_DISABLE_DEPRECATION_WARNINGS -O2 -pipe -mtune=generic -fomit-frame-pointer -DWIN32 -DWIN64 -D_WIN32_WINNT=0x0501 -DWINVER=0x0501 -Wall -Werror=missing-include-dirs -D__USE_MINGW_ANSI_STDIO=1 -D_POSIX_C_SOURCE -Wno-deprecated -Wno-deprecated-declarations -DGLIB_DISABLE_DEPRECATION_WARNINGS -O2 -pipe -fomit-frame-pointer -mtune=generic -DWIN32 -DWIN64 -D_WIN32_WINNT=0x0501 -DWINVER=0x0501 conftest.c >&5
configure:13993: $? = 0
configure:14000: result: yes
configure:13980: checking whether gcc understands -Werror=return-type
configure:13993: gcc -c -D__USE_MINGW_ANSI_STDIO=1 -D_POSIX_C_SOURCE -Wno-deprecated -Wno-deprecated-declarations -DGLIB_DISABLE_DEPRECATION_WARNINGS -O2 -pipe -mtune=generic -fomit-frame-pointer -DWIN32 -DWIN64 -D_WIN32_WINNT=0x0501 -DWINVER=0x0501 -Wall -Werror=return-type -D__USE_MINGW_ANSI_STDIO=1 -D_POSIX_C_SOURCE -Wno-deprecated -Wno-deprecated-declarations -DGLIB_DISABLE_DEPRECATION_WARNINGS -O2 -pipe -fomit-frame-pointer -mtune=generic -DWIN32 -DWIN64 -D_WIN32_WINNT=0x0501 -DWINVER=0x0501 conftest.c >&5
configure:13993: $? = 0
configure:14000: result: yes
configure:14010: checking what warning flags to pass to the C compiler
configure:14012: result:  -Wall -Wstrict-prototypes -Wnested-externs -Werror=missing-prototypes -Werror=implicit-function-declaration -Werror=pointer-arith -Werror=init-self -Werror=format-security -Werror=format=2 -Werror=missing-include-dirs -Werror=return-type
configure:14023: checking what language compliance flags to pass to the C compiler
configure:14038: result: 
configure:14057: result: Using config source xml:merged:D:/MSYS2/mingw64/etc/gconf/gconf.xml.defaults for default values
configure:14072: result: Using config source xml:merged:D:/MSYS2/mingw64/etc/gconf/gconf.xml.mandatory for mandatory values
configure:14179: checking that generated files are newer than configure
configure:14185: result: done
configure:14228: creating ./config.status

## ---------------------- ##
## Running config.status. ##
## ---------------------- ##

This file was extended by GConf Editor config.status 2.32.0, which was
generated by GNU Autoconf 2.69.  Invocation command line was

  CONFIG_FILES    = 
  CONFIG_HEADERS  = 
  CONFIG_LINKS    = 
  CONFIG_COMMANDS = 
  $ ./config.status 

on ithaca20

config.status:1214: creating Makefile
config.status:1214: creating data/Makefile
config.status:1214: creating data/gconf-editor.desktop.in
config.status:1214: creating data/icons/Makefile
config.status:1214: creating docs/Makefile
config.status:1214: creating src/Makefile
config.status:1214: creating po/Makefile.in
config.status:1214: creating config.h
config.status:1380: config.h is unchanged
config.status:1428: executing depfiles commands
config.status:1505: cd src       && sed -e '/# am--include-marker/d' Makefile         | make -f - am--depfiles
make: Nothing to be done for 'am--depfiles'.
config.status:1510: $? = 0
config.status:1428: executing libtool commands
config.status:1428: executing default-1 commands
config.status:1428: executing po/stamp-it commands
configure:16402: WARNING: unrecognized options: --enable-unicode, --enable-unversioned-links, --disable-multilib, --with-ssl, --with-net-snmp, --disable-usr-local, --with-snmp-include, --with-wxshared, --with-snmp-lib, --with-wx-version, --with-tcl, --with-tk, --with-docbook-xsl-root, --with-lz4, --with-sqlite, --with-editor, --with-platform, --enable-introspection, --with-gnutls, --with-openssl, --with-sasl, --enable-file-locking, --enable-dot-locking, --enable-largefile, --enable-nntp, --without-weather, --disable-gnome-keyring, --disable-canberra, --disable-nm, --disable-audio-inline, --disable-weather, --disable-pst-import

## ---------------- ##
## Cache variables. ##
## ---------------- ##

ac_cv_build=x86_64-w64-mingw32
ac_cv_c_compiler_gnu=yes
ac_cv_env_CC_set=set
ac_cv_env_CC_value=gcc
ac_cv_env_CFLAGS_set=set
ac_cv_env_CFLAGS_value='-D__USE_MINGW_ANSI_STDIO=1 -D_POSIX_C_SOURCE -Wno-deprecated -Wno-deprecated-declarations -DGLIB_DISABLE_DEPRECATION_WARNINGS -O2 -pipe -mtune=generic -fomit-frame-pointer -DWIN32 -DWIN64 -D_WIN32_WINNT=0x0501 -DWINVER=0x0501'
ac_cv_env_CPPFLAGS_set=set
ac_cv_env_CPPFLAGS_value='-D__USE_MINGW_ANSI_STDIO=1 -D_POSIX_C_SOURCE -Wno-deprecated -Wno-deprecated-declarations -DGLIB_DISABLE_DEPRECATION_WARNINGS -O2 -pipe -fomit-frame-pointer -mtune=generic -DWIN32 -DWIN64 -D_WIN32_WINNT=0x0501 -DWINVER=0x0501'
ac_cv_env_CPP_set=
ac_cv_env_CPP_value=
ac_cv_env_GCONF_EDITOR_CFLAGS_set=
ac_cv_env_GCONF_EDITOR_CFLAGS_value=
ac_cv_env_GCONF_EDITOR_LIBS_set=
ac_cv_env_GCONF_EDITOR_LIBS_value=
ac_cv_env_LDFLAGS_set=
ac_cv_env_LDFLAGS_value=
ac_cv_env_LIBS_set=set
ac_cv_env_LIBS_value='-lz -lws2_32 -lregex -lversion'
ac_cv_env_LT_SYS_LIBRARY_PATH_set=
ac_cv_env_LT_SYS_LIBRARY_PATH_value=
ac_cv_env_PKG_CONFIG_LIBDIR_set=
ac_cv_env_PKG_CONFIG_LIBDIR_value=
ac_cv_env_PKG_CONFIG_PATH_set=
ac_cv_env_PKG_CONFIG_PATH_value=
ac_cv_env_PKG_CONFIG_set=set
ac_cv_env_PKG_CONFIG_value=/MSYS2/mingw64/bin/pkg-config.exe
ac_cv_env_build_alias_set=set
ac_cv_env_build_alias_value=x86_64-w64-mingw32
ac_cv_env_host_alias_set=set
ac_cv_env_host_alias_value=x86_64-w64-mingw32
ac_cv_env_target_alias_set=set
ac_cv_env_target_alias_value=x86_64-w64-mingw32
ac_cv_exeext=.exe
ac_cv_func_bind_textdomain_codeset=yes
ac_cv_func_dcgettext=yes
ac_cv_header_dlfcn_h=yes
ac_cv_header_inttypes_h=yes
ac_cv_header_libintl_h=yes
ac_cv_header_locale_h=yes
ac_cv_header_memory_h=yes
ac_cv_header_stdc=yes
ac_cv_header_stdint_h=yes
ac_cv_header_stdlib_h=yes
ac_cv_header_string_h=yes
ac_cv_header_strings_h=yes
ac_cv_header_sys_stat_h=yes
ac_cv_header_sys_types_h=yes
ac_cv_header_unistd_h=yes
ac_cv_host=x86_64-w64-mingw32
ac_cv_lib_intl_bindtextdomain=yes
ac_cv_lib_intl_dgettext=yes
ac_cv_lib_intl_ngettext=yes
ac_cv_objext=o
ac_cv_path_EGREP='/usr/bin/grep -E'
ac_cv_path_FGREP='/usr/bin/grep -F'
ac_cv_path_GCONFTOOL=/MSYS2/mingw64/bin/gconftool-2
ac_cv_path_GLIB_GENMARSHAL=/MSYS2/mingw64/bin/glib-genmarshal
ac_cv_path_GMSGFMT=/MSYS2/mingw64/bin/msgfmt
ac_cv_path_GREP=/usr/bin/grep
ac_cv_path_INTLTOOL_EXTRACT=/usr/bin/intltool-extract
ac_cv_path_INTLTOOL_MERGE=/usr/bin/intltool-merge
ac_cv_path_INTLTOOL_PERL=/usr/bin/perl
ac_cv_path_INTLTOOL_UPDATE=/usr/bin/intltool-update
ac_cv_path_MSGFMT=/MSYS2/mingw64/bin/msgfmt
ac_cv_path_MSGMERGE=/MSYS2/mingw64/bin/msgmerge
ac_cv_path_SED=/usr/bin/sed
ac_cv_path_XGETTEXT=/MSYS2/mingw64/bin/xgettext
ac_cv_path_install='/usr/bin/install -c'
ac_cv_path_lt_DD=/usr/bin/dd
ac_cv_path_mkdir=/usr/bin/mkdir
ac_cv_prog_AWK=gawk
ac_cv_prog_CC=gcc
ac_cv_prog_CPP='gcc -E'
ac_cv_prog_ac_ct_AR=ar
ac_cv_prog_ac_ct_DLLTOOL=dlltool
ac_cv_prog_ac_ct_OBJDUMP=objdump
ac_cv_prog_ac_ct_RANLIB=ranlib
ac_cv_prog_ac_ct_STRIP=strip
ac_cv_prog_cc_c89=
ac_cv_prog_cc_g=yes
ac_cv_prog_make_make_set=yes
am_cv_CC_dependencies_compiler_type=gcc3
am_cv_make_support_nested_variables=yes
am_cv_prog_cc_c_o=yes
am_cv_val_LC_MESSAGES=no
gdu_cv_have_gdu=yes
gdu_cv_version_required=0.3.2
gt_cv_func_CFLocaleCopyCurrent=no
gt_cv_func_CFPreferencesCopyAppValue=no
gt_cv_func_dgettext_libc=no
gt_cv_func_dgettext_libintl=yes
gt_cv_func_ngettext_libc=no
gt_cv_have_gettext=yes
lt_cv_ar_at_file=@
lt_cv_archive_cmds_need_lc=yes
lt_cv_deplibs_check_method='file_magic ^x86 archive import|^x86 DLL'
lt_cv_file_magic_cmd=func_win32_libid
lt_cv_file_magic_test_file=
lt_cv_ld_reload_flag=-r
lt_cv_nm_interface='BSD nm'
lt_cv_objdir=.libs
lt_cv_path_LD=D:/MSYS2/mingw64/x86_64-w64-mingw32/bin/ld.exe
lt_cv_path_NM='/MSYS2/mingw64/bin/nm -B'
lt_cv_path_mainfest_tool=no
lt_cv_prog_compiler_c_o=yes
lt_cv_prog_compiler_pic='-DDLL_EXPORT -DPIC'
lt_cv_prog_compiler_pic_works=yes
lt_cv_prog_compiler_rtti_exceptions=no
lt_cv_prog_compiler_static_works=yes
lt_cv_prog_gnu_ld=yes
lt_cv_sharedlib_from_linklib_cmd=func_cygming_dll_for_implib
lt_cv_sys_global_symbol_pipe='sed -n -e '\''s/^.*[	 ]\([ABCDGIRSTW][ABCDGIRSTW]*\)[	 ][	 ]*\([_A-Za-z][_A-Za-z0-9]*\)\{0,1\}$/\1 \2 \2/p'\'' | sed '\''/ __gnu_lto/d'\'''
lt_cv_sys_global_symbol_to_c_name_address='sed -n -e '\''s/^: \(.*\) .*$/  {"\1", (void *) 0},/p'\'' -e '\''s/^[ABCDGIRSTW][ABCDGIRSTW]* .* \(.*\)$/  {"\1", (void *) \&\1},/p'\'''
lt_cv_sys_global_symbol_to_c_name_address_lib_prefix='sed -n -e '\''s/^: \(.*\) .*$/  {"\1", (void *) 0},/p'\'' -e '\''s/^[ABCDGIRSTW][ABCDGIRSTW]* .* \(lib.*\)$/  {"\1", (void *) \&\1},/p'\'' -e '\''s/^[ABCDGIRSTW][ABCDGIRSTW]* .* \(.*\)$/  {"lib\1", (void *) \&\1},/p'\'''
lt_cv_sys_global_symbol_to_cdecl='sed -n -e '\''s/^T .* \(.*\)$/extern int \1();/p'\'' -e '\''s/^[ABCDGIRSTW][ABCDGIRSTW]* .* \(.*\)$/extern char \1;/p'\'''
lt_cv_sys_global_symbol_to_import=
lt_cv_sys_max_cmd_len=8192
lt_cv_to_host_file_cmd=func_convert_file_msys_to_w32
lt_cv_to_tool_file_cmd=func_convert_file_msys_to_w32
lt_cv_truncate_bin='/usr/bin/dd bs=4096 count=1'
pkg_cv_GCONF_EDITOR_CFLAGS='-ID:/MSYS2/mingw64/bin/../include/gconf/2 -ID:/MSYS2/mingw64/bin/../include/glib-2.0 -ID:/MSYS2/mingw64/bin/../lib/glib-2.0/include -ID:/MSYS2/mingw64/bin/../include -ID:/MSYS2/mingw64/bin/../include/dbus-1.0 -ID:/MSYS2/mingw64/bin/../lib/dbus-1.0/include -ID:/MSYS2/mingw64/bin/../lib/libffi-3.2.1/include -ID:/MSYS2/mingw64/bin/../include/gtk-2.0 -ID:/MSYS2/mingw64/bin/../lib/gtk-2.0/include -ID:/MSYS2/mingw64/bin/../include/pango-1.0 -ID:/MSYS2/mingw64/bin/../include/fribidi -ID:/MSYS2/mingw64/bin/../include/harfbuzz -ID:/MSYS2/mingw64/bin/../include/freetype2 -ID:/MSYS2/mingw64/bin/../include/libpng16 -ID:/MSYS2/mingw64/bin/../include/cairo -ID:/MSYS2/mingw64/bin/../include/pixman-1 -mms-bitfields -ID:/MSYS2/mingw64/bin/../include/gdk-pixbuf-2.0 -mms-bitfields -ID:/MSYS2/mingw64/bin/../include/atk-1.0 -mms-bitfields -pthread -mms-bitfields -mms-bitfields '
pkg_cv_GCONF_EDITOR_LIBS='-LD:/MSYS2/mingw64/bin/../lib -lgconf-2 -lgtk-win32-2.0 -lgdk-win32-2.0 -lgdi32 -limm32 -lshell32 -lole32 -Wl,-luuid -lpangowin32-1.0 -lpangocairo-1.0 -lpango-1.0 -latk-1.0 -lcairo -lgdk_pixbuf-2.0 -lgio-2.0 -ldbus-glib-1 -ldbus-1 -lgobject-2.0 -lglib-2.0 -lintl '

## ----------------- ##
## Output variables. ##
## ----------------- ##

ACLOCAL='${SHELL} '\''/d/Download/MinGW-64-souorce/gconf-editor-2.32.0/missing'\'' aclocal-1.16'
ALL_LINGUAS=''
AMDEPBACKSLASH='\'
AMDEP_FALSE='#'
AMDEP_TRUE=''
AMTAR='$${TAR-tar}'
AM_BACKSLASH='\'
AM_DEFAULT_V='$(AM_DEFAULT_VERBOSITY)'
AM_DEFAULT_VERBOSITY='1'
AM_V='$(V)'
AR='ar'
AUTOCONF='${SHELL} '\''/d/Download/MinGW-64-souorce/gconf-editor-2.32.0/missing'\'' autoconf'
AUTOHEADER='${SHELL} '\''/d/Download/MinGW-64-souorce/gconf-editor-2.32.0/missing'\'' autoheader'
AUTOMAKE='${SHELL} '\''/d/Download/MinGW-64-souorce/gconf-editor-2.32.0/missing'\'' automake-1.16'
AWK='gawk'
CATALOGS=''
CATOBJEXT='.gmo'
CC='gcc'
CCDEPMODE='depmode=gcc3'
CFLAGS='-D__USE_MINGW_ANSI_STDIO=1 -D_POSIX_C_SOURCE -Wno-deprecated -Wno-deprecated-declarations -DGLIB_DISABLE_DEPRECATION_WARNINGS -O2 -pipe -mtune=generic -fomit-frame-pointer -DWIN32 -DWIN64 -D_WIN32_WINNT=0x0501 -DWINVER=0x0501 -Wall'
CPP='gcc -E'
CPPFLAGS='-D__USE_MINGW_ANSI_STDIO=1 -D_POSIX_C_SOURCE -Wno-deprecated -Wno-deprecated-declarations -DGLIB_DISABLE_DEPRECATION_WARNINGS -O2 -pipe -fomit-frame-pointer -mtune=generic -DWIN32 -DWIN64 -D_WIN32_WINNT=0x0501 -DWINVER=0x0501'
CYGPATH_W='cygpath -w'
DATADIRNAME='share'
DEFS='-DHAVE_CONFIG_H'
DEPDIR='.deps'
DISABLE_DEPRECATED=''
DISTCHECK_CONFIGURE_FLAGS='--disable-scrollkeeper '
DLLTOOL='dlltool'
DOC_USER_FORMATS=''
DSYMUTIL=''
DUMPBIN=''
ECHO_C=''
ECHO_N='-n'
ECHO_T=''
EGREP='/usr/bin/grep -E'
ENABLE_SK_FALSE=''
ENABLE_SK_TRUE='#'
EXEEXT='.exe'
FGREP='/usr/bin/grep -F'
GCONFTOOL='/MSYS2/mingw64/bin/gconftool-2'
GCONF_EDITOR_CFLAGS='-ID:/MSYS2/mingw64/bin/../include/gconf/2 -ID:/MSYS2/mingw64/bin/../include/glib-2.0 -ID:/MSYS2/mingw64/bin/../lib/glib-2.0/include -ID:/MSYS2/mingw64/bin/../include -ID:/MSYS2/mingw64/bin/../include/dbus-1.0 -ID:/MSYS2/mingw64/bin/../lib/dbus-1.0/include -ID:/MSYS2/mingw64/bin/../lib/libffi-3.2.1/include -ID:/MSYS2/mingw64/bin/../include/gtk-2.0 -ID:/MSYS2/mingw64/bin/../lib/gtk-2.0/include -ID:/MSYS2/mingw64/bin/../include/pango-1.0 -ID:/MSYS2/mingw64/bin/../include/fribidi -ID:/MSYS2/mingw64/bin/../include/harfbuzz -ID:/MSYS2/mingw64/bin/../include/freetype2 -ID:/MSYS2/mingw64/bin/../include/libpng16 -ID:/MSYS2/mingw64/bin/../include/cairo -ID:/MSYS2/mingw64/bin/../include/pixman-1 -mms-bitfields -ID:/MSYS2/mingw64/bin/../include/gdk-pixbuf-2.0 -mms-bitfields -ID:/MSYS2/mingw64/bin/../include/atk-1.0 -mms-bitfields -pthread -mms-bitfields -mms-bitfields '
GCONF_EDITOR_LIBS='-LD:/MSYS2/mingw64/bin/../lib -lgconf-2 -lgtk-win32-2.0 -lgdk-win32-2.0 -lgdi32 -limm32 -lshell32 -lole32 -Wl,-luuid -lpangowin32-1.0 -lpangocairo-1.0 -lpango-1.0 -latk-1.0 -lcairo -lgdk_pixbuf-2.0 -lgio-2.0 -ldbus-glib-1 -ldbus-1 -lgobject-2.0 -lglib-2.0 -lintl '
GCONF_SCHEMAS_INSTALL_FALSE='#'
GCONF_SCHEMAS_INSTALL_TRUE=''
GCONF_SCHEMA_CONFIG_SOURCE='xml:merged:D:/MSYS2/mingw64/etc/gconf/gconf.xml.defaults'
GCONF_SCHEMA_FILE_DIR='$(sysconfdir)/gconf/schemas'
GETTEXT_PACKAGE='gconf-editor'
GLIB_GENMARSHAL='/MSYS2/mingw64/bin/glib-genmarshal'
GMOFILES=''
GMSGFMT='/MSYS2/mingw64/bin/msgfmt'
GREP='/usr/bin/grep'
HAVE_GNOME_DOC_UTILS_FALSE='#'
HAVE_GNOME_DOC_UTILS_TRUE=''
HELP_DIR='${datadir}/gnome/help'
INSTALL_DATA='${INSTALL} -m 644'
INSTALL_PROGRAM='${INSTALL}'
INSTALL_SCRIPT='${INSTALL}'
INSTALL_STRIP_PROGRAM='$(install_sh) -c -s'
INSTOBJEXT='.mo'
INTLLIBS='-lintl  '
INTLTOOL_CAVES_RULE='%.caves:     %.caves.in     $(INTLTOOL_MERGE) $(wildcard $(top_srcdir)/po/*.po) ; $(INTLTOOL_V_MERGE)LC_ALL=C $(INTLTOOL_MERGE) $(INTLTOOL_V_MERGE_OPTIONS) -d -u -c $(top_builddir)/po/.intltool-merge-cache $(top_srcdir)/po $< $@'
INTLTOOL_DESKTOP_RULE='%.desktop:   %.desktop.in   $(INTLTOOL_MERGE) $(wildcard $(top_srcdir)/po/*.po) ; $(INTLTOOL_V_MERGE)LC_ALL=C $(INTLTOOL_MERGE) $(INTLTOOL_V_MERGE_OPTIONS) -d -u -c $(top_builddir)/po/.intltool-merge-cache $(top_srcdir)/po $< $@'
INTLTOOL_DIRECTORY_RULE='%.directory: %.directory.in $(INTLTOOL_MERGE) $(wildcard $(top_srcdir)/po/*.po) ; $(INTLTOOL_V_MERGE)LC_ALL=C $(INTLTOOL_MERGE) $(INTLTOOL_V_MERGE_OPTIONS) -d -u -c $(top_builddir)/po/.intltool-merge-cache $(top_srcdir)/po $< $@'
INTLTOOL_EXTRACT='/usr/bin/intltool-extract'
INTLTOOL_KBD_RULE='%.kbd:       %.kbd.in       $(INTLTOOL_MERGE) $(wildcard $(top_srcdir)/po/*.po) ; $(INTLTOOL_V_MERGE)LC_ALL=C $(INTLTOOL_MERGE) $(INTLTOOL_V_MERGE_OPTIONS) -x -u -m -c $(top_builddir)/po/.intltool-merge-cache $(top_srcdir)/po $< $@'
INTLTOOL_KEYS_RULE='%.keys:      %.keys.in      $(INTLTOOL_MERGE) $(wildcard $(top_srcdir)/po/*.po) ; $(INTLTOOL_V_MERGE)LC_ALL=C $(INTLTOOL_MERGE) $(INTLTOOL_V_MERGE_OPTIONS) -k -u -c $(top_builddir)/po/.intltool-merge-cache $(top_srcdir)/po $< $@'
INTLTOOL_MERGE='/usr/bin/intltool-merge'
INTLTOOL_OAF_RULE='%.oaf:       %.oaf.in       $(INTLTOOL_MERGE) $(wildcard $(top_srcdir)/po/*.po) ; $(INTLTOOL_V_MERGE)LC_ALL=C $(INTLTOOL_MERGE) $(INTLTOOL_V_MERGE_OPTIONS) -o -p $(top_srcdir)/po $< $@'
INTLTOOL_PERL='/usr/bin/perl'
INTLTOOL_POLICY_RULE='%.policy:    %.policy.in    $(INTLTOOL_MERGE) $(wildcard $(top_srcdir)/po/*.po) ; $(INTLTOOL_V_MERGE)LC_ALL=C $(INTLTOOL_MERGE) $(INTLTOOL_V_MERGE_OPTIONS) -x -u -c $(top_builddir)/po/.intltool-merge-cache $(top_srcdir)/po $< $@'
INTLTOOL_PONG_RULE='%.pong:      %.pong.in      $(INTLTOOL_MERGE) $(wildcard $(top_srcdir)/po/*.po) ; $(INTLTOOL_V_MERGE)LC_ALL=C $(INTLTOOL_MERGE) $(INTLTOOL_V_MERGE_OPTIONS) -x -u -c $(top_builddir)/po/.intltool-merge-cache $(top_srcdir)/po $< $@'
INTLTOOL_PROP_RULE='%.prop:      %.prop.in      $(INTLTOOL_MERGE) $(wildcard $(top_srcdir)/po/*.po) ; $(INTLTOOL_V_MERGE)LC_ALL=C $(INTLTOOL_MERGE) $(INTLTOOL_V_MERGE_OPTIONS) -d -u -c $(top_builddir)/po/.intltool-merge-cache $(top_srcdir)/po $< $@'
INTLTOOL_SCHEMAS_RULE='%.schemas:   %.schemas.in   $(INTLTOOL_MERGE) $(wildcard $(top_srcdir)/po/*.po) ; $(INTLTOOL_V_MERGE)LC_ALL=C $(INTLTOOL_MERGE) $(INTLTOOL_V_MERGE_OPTIONS) -s -u -c $(top_builddir)/po/.intltool-merge-cache $(top_srcdir)/po $< $@'
INTLTOOL_SERVER_RULE='%.server:    %.server.in    $(INTLTOOL_MERGE) $(wildcard $(top_srcdir)/po/*.po) ; $(INTLTOOL_V_MERGE)LC_ALL=C $(INTLTOOL_MERGE) $(INTLTOOL_V_MERGE_OPTIONS) -o -u -c $(top_builddir)/po/.intltool-merge-cache $(top_srcdir)/po $< $@'
INTLTOOL_SERVICE_RULE='%.service: %.service.in   $(INTLTOOL_MERGE) $(wildcard $(top_srcdir)/po/*.po) ; $(INTLTOOL_V_MERGE)LC_ALL=C $(INTLTOOL_MERGE) $(INTLTOOL_V_MERGE_OPTIONS) -d -u -c $(top_builddir)/po/.intltool-merge-cache $(top_srcdir)/po $< $@'
INTLTOOL_SHEET_RULE='%.sheet:     %.sheet.in     $(INTLTOOL_MERGE) $(wildcard $(top_srcdir)/po/*.po) ; $(INTLTOOL_V_MERGE)LC_ALL=C $(INTLTOOL_MERGE) $(INTLTOOL_V_MERGE_OPTIONS) -x -u -c $(top_builddir)/po/.intltool-merge-cache $(top_srcdir)/po $< $@'
INTLTOOL_SOUNDLIST_RULE='%.soundlist: %.soundlist.in $(INTLTOOL_MERGE) $(wildcard $(top_srcdir)/po/*.po) ; $(INTLTOOL_V_MERGE)LC_ALL=C $(INTLTOOL_MERGE) $(INTLTOOL_V_MERGE_OPTIONS) -d -u -c $(top_builddir)/po/.intltool-merge-cache $(top_srcdir)/po $< $@'
INTLTOOL_THEME_RULE='%.theme:     %.theme.in     $(INTLTOOL_MERGE) $(wildcard $(top_srcdir)/po/*.po) ; $(INTLTOOL_V_MERGE)LC_ALL=C $(INTLTOOL_MERGE) $(INTLTOOL_V_MERGE_OPTIONS) -d -u -c $(top_builddir)/po/.intltool-merge-cache $(top_srcdir)/po $< $@'
INTLTOOL_UI_RULE='%.ui:        %.ui.in        $(INTLTOOL_MERGE) $(wildcard $(top_srcdir)/po/*.po) ; $(INTLTOOL_V_MERGE)LC_ALL=C $(INTLTOOL_MERGE) $(INTLTOOL_V_MERGE_OPTIONS) -x -u -c $(top_builddir)/po/.intltool-merge-cache $(top_srcdir)/po $< $@'
INTLTOOL_UPDATE='/usr/bin/intltool-update'
INTLTOOL_V_MERGE='$(INTLTOOL__v_MERGE_$(V))'
INTLTOOL_V_MERGE_OPTIONS='$(intltool__v_merge_options_$(V))'
INTLTOOL_XAM_RULE='%.xam:       %.xml.in       $(INTLTOOL_MERGE) $(wildcard $(top_srcdir)/po/*.po) ; $(INTLTOOL_V_MERGE)LC_ALL=C $(INTLTOOL_MERGE) $(INTLTOOL_V_MERGE_OPTIONS) -x -u -c $(top_builddir)/po/.intltool-merge-cache $(top_srcdir)/po $< $@'
INTLTOOL_XML_NOMERGE_RULE='%.xml:       %.xml.in       $(INTLTOOL_MERGE) ; $(INTLTOOL_V_MERGE)LC_ALL=C $(INTLTOOL_MERGE) $(INTLTOOL_V_MERGE_OPTIONS) -x -u --no-translations $< $@'
INTLTOOL_XML_RULE='%.xml:       %.xml.in       $(INTLTOOL_MERGE) $(wildcard $(top_srcdir)/po/*.po) ; $(INTLTOOL_V_MERGE)LC_ALL=C $(INTLTOOL_MERGE) $(INTLTOOL_V_MERGE_OPTIONS) -x -u -c $(top_builddir)/po/.intltool-merge-cache $(top_srcdir)/po $< $@'
INTLTOOL__v_MERGE_0='@echo "  ITMRG " $@;'
INTLTOOL__v_MERGE_='$(INTLTOOL__v_MERGE_$(AM_DEFAULT_VERBOSITY))'
INTL_MACOSX_LIBS=''
LD='D:/MSYS2/mingw64/x86_64-w64-mingw32/bin/ld.exe'
LDFLAGS=''
LIBOBJS=''
LIBS='-lz -lws2_32 -lregex -lversion'
LIBTOOL='$(SHELL) $(top_builddir)/libtool'
LIPO=''
LN_S='cp -pR'
LTLIBOBJS=''
LT_SYS_LIBRARY_PATH=''
MAINT='#'
MAINTAINER_MODE_FALSE=''
MAINTAINER_MODE_TRUE='#'
MAKEINFO='${SHELL} '\''/d/Download/MinGW-64-souorce/gconf-editor-2.32.0/missing'\'' makeinfo'
MANIFEST_TOOL=':'
MKDIR_P='/usr/bin/mkdir -p'
MKINSTALLDIRS='../mkinstalldirs'
MSGFMT='/MSYS2/mingw64/bin/msgfmt'
MSGFMT_OPTS='-c'
MSGMERGE='/MSYS2/mingw64/bin/msgmerge'
NM='/MSYS2/mingw64/bin/nm -B'
NMEDIT=''
OBJDUMP='objdump'
OBJEXT='o'
OMF_DIR='${datadir}/omf'
OTOOL64=''
OTOOL=''
PACKAGE='gconf-editor'
PACKAGE_BUGREPORT='http://bugzilla.gnome.org/enter_bug.cgi?product=gconf-editor'
PACKAGE_NAME='GConf Editor'
PACKAGE_STRING='GConf Editor 2.32.0'
PACKAGE_TARNAME='gconf-editor'
PACKAGE_URL=''
PACKAGE_VERSION='2.32.0'
PATH_SEPARATOR=':'
PKG_CONFIG='/MSYS2/mingw64/bin/pkg-config.exe'
PKG_CONFIG_LIBDIR=''
PKG_CONFIG_PATH=''
POFILES=''
POSUB='po'
PO_IN_DATADIR_FALSE=''
PO_IN_DATADIR_TRUE=''
RANLIB='ranlib'
SED='/usr/bin/sed'
SET_MAKE=''
SHELL='/bin/sh'
STRIP='strip'
USE_NLS='yes'
VERSION='2.32.0'
WARN_CFLAGS=' -Wall -Wstrict-prototypes -Wnested-externs -Werror=missing-prototypes -Werror=implicit-function-declaration -Werror=pointer-arith -Werror=init-self -Werror=format-security -Werror=format=2 -Werror=missing-include-dirs -Werror=return-type '
XGETTEXT='/MSYS2/mingw64/bin/xgettext'
ac_ct_AR='ar'
ac_ct_CC=''
ac_ct_DUMPBIN=''
am__EXEEXT_FALSE='#'
am__EXEEXT_TRUE=''
am__fastdepCC_FALSE='#'
am__fastdepCC_TRUE=''
am__include='include'
am__isrc=' -I$(srcdir)'
am__leading_dot='.'
am__nodep='_no'
am__quote=''
am__tar='$${TAR-tar} chof - "$$tardir"'
am__untar='$${TAR-tar} xf -'
bindir='/MSYS2/mingw64/bin'
build='x86_64-w64-mingw32'
build_alias='x86_64-w64-mingw32'
build_cpu='x86_64'
build_os='mingw32'
build_vendor='w64'
datadir='/MSYS2/mingw64/share'
datarootdir='${prefix}/share'
docdir='${datarootdir}/doc/${PACKAGE_TARNAME}'
dvidir='${docdir}'
exec_prefix='${prefix}'
host='x86_64-w64-mingw32'
host_alias='x86_64-w64-mingw32'
host_cpu='x86_64'
host_os='mingw32'
host_vendor='w64'
htmldir='${docdir}'
includedir='${prefix}/include'
infodir='${datarootdir}/info'
install_sh='${SHELL} /d/Download/MinGW-64-souorce/gconf-editor-2.32.0/install-sh'
intltool__v_merge_options_0='-q'
intltool__v_merge_options_='$(intltool__v_merge_options_$(AM_DEFAULT_VERBOSITY))'
libdir='${exec_prefix}/lib'
libexecdir='${exec_prefix}/libexec'
localedir='${datarootdir}/locale'
localstatedir='${prefix}/var'
mandir='${datarootdir}/man'
mkdir_p='$(MKDIR_P)'
oldincludedir='/usr/include'
pdfdir='${docdir}'
prefix='/MSYS2/mingw64'
program_transform_name='s,x,x,'
psdir='${docdir}'
sbindir='/MSYS2/mingw64/bin'
sharedstatedir='${prefix}/com'
sysconfdir='/MSYS2/mingw64/etc'
target_alias='x86_64-w64-mingw32'

## ----------- ##
## confdefs.h. ##
## ----------- ##

/* confdefs.h */
#define PACKAGE_NAME "GConf Editor"
#define PACKAGE_TARNAME "gconf-editor"
#define PACKAGE_VERSION "2.32.0"
#define PACKAGE_STRING "GConf Editor 2.32.0"
#define PACKAGE_BUGREPORT "http://bugzilla.gnome.org/enter_bug.cgi?product=gconf-editor"
#define PACKAGE_URL ""
#define PACKAGE "gconf-editor"
#define VERSION "2.32.0"
#define STDC_HEADERS 1
#define HAVE_SYS_TYPES_H 1
#define HAVE_SYS_STAT_H 1
#define HAVE_STDLIB_H 1
#define HAVE_STRING_H 1
#define HAVE_MEMORY_H 1
#define HAVE_STRINGS_H 1
#define HAVE_INTTYPES_H 1
#define HAVE_STDINT_H 1
#define HAVE_UNISTD_H 1
#define HAVE_DLFCN_H 1
#define LT_OBJDIR ".libs/"
#define GETTEXT_PACKAGE "gconf-editor"
#define HAVE_LOCALE_H 1
#define HAVE_BIND_TEXTDOMAIN_CODESET 1
#define HAVE_GETTEXT 1
#define HAVE_DCGETTEXT 1
#define ENABLE_NLS 1
#define GCONF_DEFAULTS_SOURCE "xml:merged:D:/MSYS2/mingw64/etc/gconf/gconf.xml.defaults"
#define GCONF_MANDATORY_SOURCE "xml:merged:D:/MSYS2/mingw64/etc/gconf/gconf.xml.mandatory"

configure: exit 0
