This file contains any messages produced by compilers while
running configure, to aid debugging if configure makes a mistake.

It was created by gtkhtml configure 3.32.2, which was
generated by GNU Autoconf 2.69.  Invocation command line was

  $ ../configure --prefix=/MSYS2/mingw64 --build=x86_64-w64-mingw32 --host=x86_64-w64-mingw32 --target=x86_64-w64-mingw32 --enable-unicode --enable-unversioned-links --disable-multilib --sysconfdir=/MSYS2/mingw64/etc --sbindir=/MSYS2/mingw64/bin --bindir=/MSYS2/mingw64/bin --datadir=/MSYS2/mingw64/share --disable-static --enable-shared --disable-gtk3 --without-glade-catalog --enable-maintainer-mode

## ----------- ##
## confdefs.h. ##
## ----------- ##

/* confdefs.h */
#define PACKAGE_NAME "gtkhtml"
#define PACKAGE_TARNAME "gtkhtml"
#define PACKAGE_VERSION "3.32.2"
#define PACKAGE_STRING "gtkhtml 3.32.2"
#define PACKAGE_BUGREPORT "http://bugzilla.gnome.org/enter_bug.cgi?product=GtkHtml"
#define PACKAGE_URL ""
#define PACKAGE "gtkhtml"
#define VERSION "3.32.2"
#define GTKHTML_API_VERSION "3.14"
#define EDITOR_API_VERSION "3.14"
#define GTKHTML_RELEASE_STRING "gtkhtml-3.14"
#define GETTEXT_PACKAGE "gtkhtml-3.14"
#define STDC_HEADERS 1
#define HAVE_SYS_TYPES_H 1
#define HAVE_SYS_STAT_H 1
#define HAVE_STDLIB_H 1
#define HAVE_STRING_H 1
#define HAVE_MEMORY_H 1
#define HAVE_STRINGS_H 1
#define HAVE_INTTYPES_H 1
#define HAVE_STDINT_H 1
#define HAVE_UNISTD_H 1
#define HAVE_LOCALE_H 1
#define HAVE_BIND_TEXTDOMAIN_CODESET 1
#define HAVE_GETTEXT 1
#define HAVE_DCGETTEXT 1
#define ENABLE_NLS 1
#define HAVE_ALLOCA 1
#define HAVE_STDLIB_H 1
#define HAVE_MALLOC 1
#define HAVE_MEMCHR 1
#define HAVE_MEMMOVE 1
#define HAVE_MEMSET 1
#define HAVE_REGCOMP 1
#define HAVE_SETLOCALE 1
#define HAVE_STRCHR 1
#define HAVE_STRCSPN 1
#define HAVE_STRRCHR 1
#define HAVE_STRSTR 1
#define HAVE_STRTOL 1
#define HAVE_STRTOULL 1
#define HAVE_FCNTL_H 1
#define HAVE_LIBINTL_H 1
#define HAVE_DLFCN_H 1
#define LT_OBJDIR ".libs/"
#define ISO_CODES_PREFIX "D:/MSYS2/mingw64/bin/.."
#define HAVE_ISO_CODES 1
#define HAVE_REGEXEC 1
#define GNOME_GTKHTML_EDITOR_SHLIB /**/

configure: exit 0
